0 verbose cli C:\nvm4w\nodejs\node.exe C:\Users\Glo'S\AppData\Roaming\npm\node_modules\npm\bin\npm-cli.js
1 info using npm@11.6.0
2 info using node@v22.14.0
3 silly config load:file:C:\Users\Glo'S\AppData\Roaming\npm\node_modules\npm\npmrc
4 silly config load:file:C:\xampp\htdocs\lengo-website\.npmrc
5 silly config load:file:C:\Users\Glo'S\.npmrc
6 silly config load:file:C:\Users\Glo'S\AppData\Roaming\npm\etc\npmrc
7 verbose title npm install @vercel/speed-insights
8 verbose argv "install" "@vercel/speed-insights"
9 verbose logfile logs-max:10 dir:C:\xampp\htdocs\lengo-website\npm-cache\_logs\2026-03-07T01_59_46_731Z-
10 verbose logfile C:\xampp\htdocs\lengo-website\npm-cache\_logs\2026-03-07T01_59_46_731Z-debug-0.log
11 silly logfile start cleaning logs, removing 1 files
12 silly logfile done cleaning log files
13 silly packumentCache heap:2197815296 maxSize:549453824 maxEntrySize:274726912
14 silly idealTree buildDeps
15 silly fetch manifest @vercel/speed-insights@*
16 silly packumentCache full:https://registry.npmjs.org/@vercel%2fspeed-insights cache-miss
17 http fetch GET 200 https://registry.npmjs.org/@vercel%2fspeed-insights 2903ms (cache miss)
18 silly packumentCache full:https://registry.npmjs.org/@vercel%2fspeed-insights set size:undefined disposed:false
19 silly fetch manifest @sveltejs/kit@^1 || ^2
20 silly packumentCache full:https://registry.npmjs.org/@sveltejs%2fkit cache-miss
21 http cache https://registry.npmjs.org/@sveltejs%2fkit 1467ms (cache hit)
22 silly packumentCache full:https://registry.npmjs.org/@sveltejs%2fkit set size:3910965 disposed:false
23 silly fetch manifest @opentelemetry/api@^1.0.0
24 silly packumentCache full:https://registry.npmjs.org/@opentelemetry%2fapi cache-miss
25 http cache https://registry.npmjs.org/@opentelemetry%2fapi 733ms (cache hit)
26 silly packumentCache full:https://registry.npmjs.org/@opentelemetry%2fapi set size:455567 disposed:false
27 silly fetch manifest @sveltejs/vite-plugin-svelte@^3.0.0 || ^4.0.0-next.1 || ^5.0.0 || ^6.0.0-next.0 || ^7.0.0
28 silly packumentCache full:https://registry.npmjs.org/@sveltejs%2fvite-plugin-svelte cache-miss
29 http cache https://registry.npmjs.org/@sveltejs%2fvite-plugin-svelte 168ms (cache hit)
30 silly packumentCache full:https://registry.npmjs.org/@sveltejs%2fvite-plugin-svelte set size:441177 disposed:false
31 silly fetch manifest svelte@^5.0.0
32 silly packumentCache full:https://registry.npmjs.org/svelte cache-miss
33 http cache https://registry.npmjs.org/svelte 84ms (cache hit)
34 silly packumentCache full:https://registry.npmjs.org/svelte set size:4620262 disposed:false
35 silly fetch manifest vite@^6.3.0 || ^7.0.0
36 silly packumentCache full:https://registry.npmjs.org/vite cache-miss
37 http cache https://registry.npmjs.org/vite 435ms (cache hit)
38 silly packumentCache full:https://registry.npmjs.org/vite set size:38733997 disposed:false
39 silly fetch manifest @types/node@^20
40 silly packumentCache full:https://registry.npmjs.org/@types%2fnode cache-miss
41 http cache https://registry.npmjs.org/@types%2fnode 193ms (cache hit)
42 silly packumentCache full:https://registry.npmjs.org/@types%2fnode set size:10932649 disposed:false
43 silly fetch manifest jiti@>=1.21.0
44 silly packumentCache full:https://registry.npmjs.org/jiti cache-miss
45 http cache https://registry.npmjs.org/jiti 20ms (cache hit)
46 silly packumentCache full:https://registry.npmjs.org/jiti set size:382310 disposed:false
47 silly fetch manifest less@^4.0.0
48 silly packumentCache full:https://registry.npmjs.org/less cache-miss
49 http cache https://registry.npmjs.org/less 26ms (cache hit)
50 silly packumentCache full:https://registry.npmjs.org/less set size:430648 disposed:false
51 silly fetch manifest lightningcss@^1.21.0
52 silly packumentCache full:https://registry.npmjs.org/lightningcss cache-miss
53 http cache https://registry.npmjs.org/lightningcss 64ms (cache hit)
54 silly packumentCache full:https://registry.npmjs.org/lightningcss set size:182441 disposed:false
55 silly fetch manifest sass@^1.70.0
56 silly packumentCache full:https://registry.npmjs.org/sass cache-miss
57 http cache https://registry.npmjs.org/sass 29ms (cache hit)
58 silly packumentCache full:https://registry.npmjs.org/sass set size:722061 disposed:false
59 silly fetch manifest sass-embedded@^1.70.0
60 silly packumentCache full:https://registry.npmjs.org/sass-embedded cache-miss
61 http cache https://registry.npmjs.org/sass-embedded 17ms (cache hit)
62 silly packumentCache full:https://registry.npmjs.org/sass-embedded set size:407397 disposed:false
63 silly fetch manifest stylus@>=0.54.8
64 silly packumentCache full:https://registry.npmjs.org/stylus cache-miss
65 http cache https://registry.npmjs.org/stylus 23ms (cache hit)
66 silly packumentCache full:https://registry.npmjs.org/stylus set size:286766 disposed:false
67 silly fetch manifest sugarss@^5.0.0
68 silly packumentCache full:https://registry.npmjs.org/sugarss cache-miss
69 http cache https://registry.npmjs.org/sugarss 21ms (cache hit)
70 silly packumentCache full:https://registry.npmjs.org/sugarss set size:44975 disposed:false
71 silly fetch manifest postcss@^8.3.3
72 silly packumentCache full:https://registry.npmjs.org/postcss cache-miss
73 http cache https://registry.npmjs.org/postcss 323ms (cache hit)
74 silly packumentCache full:https://registry.npmjs.org/postcss set size:702266 disposed:false
75 silly fetch manifest terser@^5.16.0
76 silly packumentCache full:https://registry.npmjs.org/terser cache-miss
77 http cache https://registry.npmjs.org/terser 46ms (cache hit)
78 silly packumentCache full:https://registry.npmjs.org/terser set size:786629 disposed:false
79 silly fetch manifest tsx@^4.8.1
80 silly packumentCache full:https://registry.npmjs.org/tsx cache-miss
81 http cache https://registry.npmjs.org/tsx 33ms (cache hit)
82 silly packumentCache full:https://registry.npmjs.org/tsx set size:289592 disposed:false
83 silly fetch manifest yaml@^2.4.2
84 silly packumentCache full:https://registry.npmjs.org/yaml cache-miss
85 http cache https://registry.npmjs.org/yaml 19ms (cache hit)
86 silly packumentCache full:https://registry.npmjs.org/yaml set size:361552 disposed:false
87 silly fetch manifest typescript@^5
88 silly packumentCache full:https://registry.npmjs.org/typescript cache-miss
89 http cache https://registry.npmjs.org/typescript 259ms (cache hit)
90 silly packumentCache full:https://registry.npmjs.org/typescript set size:15325176 disposed:false
91 silly fetch manifest next@16.1.6
92 silly packumentCache full:https://registry.npmjs.org/next cache-miss
93 http cache https://registry.npmjs.org/next 555ms (cache hit)
94 silly packumentCache full:https://registry.npmjs.org/next set size:29466752 disposed:false
95 silly fetch manifest @playwright/test@^1.51.1
96 silly packumentCache full:https://registry.npmjs.org/@playwright%2ftest cache-miss
97 http cache https://registry.npmjs.org/@playwright%2ftest 195ms (cache hit)
98 silly packumentCache full:https://registry.npmjs.org/@playwright%2ftest set size:8819893 disposed:false
99 silly fetch manifest babel-plugin-react-compiler@1.0.0
100 silly packumentCache full:https://registry.npmjs.org/babel-plugin-react-compiler cache-miss
101 http cache https://registry.npmjs.org/babel-plugin-react-compiler 23ms (cache hit)
102 silly packumentCache full:https://registry.npmjs.org/babel-plugin-react-compiler set size:1274111 disposed:false
103 silly fetch manifest react@19.2.3
104 silly packumentCache full:https://registry.npmjs.org/react cache-miss
105 http cache https://registry.npmjs.org/react 73ms (cache hit)
106 silly packumentCache full:https://registry.npmjs.org/react set size:6535664 disposed:false
107 silly fetch manifest react-dom@19.2.3
108 silly packumentCache full:https://registry.npmjs.org/react-dom cache-miss
109 http cache https://registry.npmjs.org/react-dom 82ms (cache hit)
110 silly packumentCache full:https://registry.npmjs.org/react-dom set size:8671691 disposed:false
111 silly fetch manifest vue@^3
112 silly packumentCache full:https://registry.npmjs.org/vue cache-miss
113 http cache https://registry.npmjs.org/vue 38ms (cache hit)
114 silly packumentCache full:https://registry.npmjs.org/vue set size:2001333 disposed:false
115 silly fetch manifest vue-router@^4
116 silly packumentCache full:https://registry.npmjs.org/vue-router cache-miss
117 http cache https://registry.npmjs.org/vue-router 177ms (cache hit)
118 silly packumentCache full:https://registry.npmjs.org/vue-router set size:962750 disposed:false
119 silly placeDep ROOT @vercel/speed-insights@1.3.1 OK for: lengo-website@0.1.0 want: *
120 silly reify moves {}
121 silly audit bulk request {
121 silly audit   '@alloc/quick-lru': [ '5.2.0' ],
121 silly audit   '@babel/code-frame': [ '7.29.0' ],
121 silly audit   '@babel/compat-data': [ '7.29.0' ],
121 silly audit   '@babel/core': [ '7.29.0' ],
121 silly audit   '@babel/generator': [ '7.29.1' ],
121 silly audit   '@babel/helper-compilation-targets': [ '7.28.6' ],
121 silly audit   '@babel/helper-globals': [ '7.28.0' ],
121 silly audit   '@babel/helper-module-imports': [ '7.28.6' ],
121 silly audit   '@babel/helper-module-transforms': [ '7.28.6' ],
121 silly audit   '@babel/helper-string-parser': [ '7.27.1' ],
121 silly audit   '@babel/helper-validator-identifier': [ '7.28.5' ],
121 silly audit   '@babel/helper-validator-option': [ '7.27.1' ],
121 silly audit   '@babel/helpers': [ '7.28.6' ],
121 silly audit   '@babel/parser': [ '7.29.0' ],
121 silly audit   '@babel/runtime': [ '7.28.6' ],
121 silly audit   '@babel/template': [ '7.28.6' ],
121 silly audit   '@babel/traverse': [ '7.29.0' ],
121 silly audit   '@babel/types': [ '7.29.0' ],
121 silly audit   '@dimforge/rapier3d-compat': [ '0.12.0' ],
121 silly audit   '@emnapi/core': [ '1.8.1' ],
121 silly audit   '@emnapi/runtime': [ '1.8.1' ],
121 silly audit   '@emnapi/wasi-threads': [ '1.1.0' ],
121 silly audit   '@eslint-community/eslint-utils': [ '4.9.1' ],
121 silly audit   'eslint-visitor-keys': [ '3.4.3', '5.0.1', '4.2.1' ],
121 silly audit   '@eslint-community/regexpp': [ '4.12.2' ],
121 silly audit   '@eslint/config-array': [ '0.21.1' ],
121 silly audit   '@eslint/config-helpers': [ '0.4.2' ],
121 silly audit   '@eslint/core': [ '0.17.0' ],
121 silly audit   '@eslint/eslintrc': [ '3.3.4' ],
121 silly audit   '@eslint/js': [ '9.39.3' ],
121 silly audit   '@eslint/object-schema': [ '2.1.7' ],
121 silly audit   '@eslint/plugin-kit': [ '0.4.1' ],
121 silly audit   '@humanfs/core': [ '0.19.1' ],
121 silly audit   '@humanfs/node': [ '0.16.7' ],
121 silly audit   '@humanwhocodes/module-importer': [ '1.0.1' ],
121 silly audit   '@humanwhocodes/retry': [ '0.4.3' ],
121 silly audit   '@img/colour': [ '1.1.0' ],
121 silly audit   '@img/sharp-darwin-arm64': [ '0.34.5' ],
121 silly audit   '@img/sharp-darwin-x64': [ '0.34.5' ],
121 silly audit   '@img/sharp-libvips-darwin-arm64': [ '1.2.4' ],
121 silly audit   '@img/sharp-libvips-darwin-x64': [ '1.2.4' ],
121 silly audit   '@img/sharp-libvips-linux-arm': [ '1.2.4' ],
121 silly audit   '@img/sharp-libvips-linux-arm64': [ '1.2.4' ],
121 silly audit   '@img/sharp-libvips-linux-ppc64': [ '1.2.4' ],
121 silly audit   '@img/sharp-libvips-linux-riscv64': [ '1.2.4' ],
121 silly audit   '@img/sharp-libvips-linux-s390x': [ '1.2.4' ],
121 silly audit   '@img/sharp-libvips-linux-x64': [ '1.2.4' ],
121 silly audit   '@img/sharp-libvips-linuxmusl-arm64': [ '1.2.4' ],
121 silly audit   '@img/sharp-libvips-linuxmusl-x64': [ '1.2.4' ],
121 silly audit   '@img/sharp-linux-arm': [ '0.34.5' ],
121 silly audit   '@img/sharp-linux-arm64': [ '0.34.5' ],
121 silly audit   '@img/sharp-linux-ppc64': [ '0.34.5' ],
121 silly audit   '@img/sharp-linux-riscv64': [ '0.34.5' ],
121 silly audit   '@img/sharp-linux-s390x': [ '0.34.5' ],
121 silly audit   '@img/sharp-linux-x64': [ '0.34.5' ],
121 silly audit   '@img/sharp-linuxmusl-arm64': [ '0.34.5' ],
121 silly audit   '@img/sharp-linuxmusl-x64': [ '0.34.5' ],
121 silly audit   '@img/sharp-wasm32': [ '0.34.5' ],
121 silly audit   '@img/sharp-win32-arm64': [ '0.34.5' ],
121 silly audit   '@img/sharp-win32-ia32': [ '0.34.5' ],
121 silly audit   '@img/sharp-win32-x64': [ '0.34.5' ],
121 silly audit   '@jridgewell/gen-mapping': [ '0.3.13' ],
121 silly audit   '@jridgewell/remapping': [ '2.3.5' ],
121 silly audit   '@jridgewell/resolve-uri': [ '3.1.2' ],
121 silly audit   '@jridgewell/sourcemap-codec': [ '1.5.5' ],
121 silly audit   '@jridgewell/trace-mapping': [ '0.3.31' ],
121 silly audit   '@mediapipe/tasks-vision': [ '0.10.17' ],
121 silly audit   '@monogrid/gainmap-js': [ '3.4.0' ],
121 silly audit   '@napi-rs/wasm-runtime': [ '0.2.12' ],
121 silly audit   '@next/env': [ '16.1.6' ],
121 silly audit   '@next/eslint-plugin-next': [ '16.1.6' ],
121 silly audit   '@next/swc-darwin-arm64': [ '16.1.6' ],
121 silly audit   '@next/swc-darwin-x64': [ '16.1.6' ],
121 silly audit   '@next/swc-linux-arm64-gnu': [ '16.1.6' ],
121 silly audit   '@next/swc-linux-arm64-musl': [ '16.1.6' ],
121 silly audit   '@next/swc-linux-x64-gnu': [ '16.1.6' ],
121 silly audit   '@next/swc-linux-x64-musl': [ '16.1.6' ],
121 silly audit   '@next/swc-win32-arm64-msvc': [ '16.1.6' ],
121 silly audit   '@next/swc-win32-x64-msvc': [ '16.1.6' ],
121 silly audit   '@nodelib/fs.scandir': [ '2.1.5' ],
121 silly audit   '@nodelib/fs.stat': [ '2.0.5' ],
121 silly audit   '@nodelib/fs.walk': [ '1.2.8' ],
121 silly audit   '@nolyfill/is-core-module': [ '1.0.39' ],
121 silly audit   '@react-leaflet/core': [ '3.0.0' ],
121 silly audit   '@react-three/drei': [ '10.7.7' ],
121 silly audit   '@react-three/fiber': [ '9.5.0' ],
121 silly audit   '@rtsao/scc': [ '1.1.0' ],
121 silly audit   '@studio-freight/lenis': [ '1.0.42' ],
121 silly audit   '@swc/helpers': [ '0.5.15' ],
121 silly audit   '@tailwindcss/node': [ '4.2.1' ],
121 silly audit   '@tailwindcss/oxide': [ '4.2.1' ],
121 silly audit   '@tailwindcss/oxide-android-arm64': [ '4.2.1' ],
121 silly audit   '@tailwindcss/oxide-darwin-arm64': [ '4.2.1' ],
121 silly audit   '@tailwindcss/oxide-darwin-x64': [ '4.2.1' ],
121 silly audit   '@tailwindcss/oxide-freebsd-x64': [ '4.2.1' ],
121 silly audit   '@tailwindcss/oxide-linux-arm-gnueabihf': [ '4.2.1' ],
121 silly audit   '@tailwindcss/oxide-linux-arm64-gnu': [ '4.2.1' ],
121 silly audit   '@tailwindcss/oxide-linux-arm64-musl': [ '4.2.1' ],
121 silly audit   '@tailwindcss/oxide-linux-x64-gnu': [ '4.2.1' ],
121 silly audit   '@tailwindcss/oxide-linux-x64-musl': [ '4.2.1' ],
121 silly audit   '@tailwindcss/oxide-wasm32-wasi': [ '4.2.1' ],
121 silly audit   '@tailwindcss/oxide-win32-arm64-msvc': [ '4.2.1' ],
121 silly audit   '@tailwindcss/oxide-win32-x64-msvc': [ '4.2.1' ],
121 silly audit   '@tailwindcss/postcss': [ '4.2.1' ],
121 silly audit   '@tweenjs/tween.js': [ '23.1.3' ],
121 silly audit   '@tybys/wasm-util': [ '0.10.1' ],
121 silly audit   '@types/draco3d': [ '1.4.10' ],
121 silly audit   '@types/estree': [ '1.0.8' ],
121 silly audit   '@types/geojson': [ '7946.0.16' ],
121 silly audit   '@types/json-schema': [ '7.0.15' ],
121 silly audit   '@types/json5': [ '0.0.29' ],
121 silly audit   '@types/leaflet': [ '1.9.21' ],
121 silly audit   '@types/node': [ '20.19.37' ],
121 silly audit   '@types/offscreencanvas': [ '2019.7.3' ],
121 silly audit   '@types/react': [ '19.2.14' ],
121 silly audit   '@types/react-dom': [ '19.2.3' ],
121 silly audit   '@types/react-reconciler': [ '0.28.9' ],
121 silly audit   '@types/stats.js': [ '0.17.4' ],
121 silly audit   '@types/three': [ '0.183.1' ],
121 silly audit   '@types/webxr': [ '0.5.24' ],
121 silly audit   '@typescript-eslint/eslint-plugin': [ '8.56.1' ],
121 silly audit   ignore: [ '7.0.5', '5.3.2' ],
121 silly audit   '@typescript-eslint/parser': [ '8.56.1' ],
121 silly audit   '@typescript-eslint/project-service': [ '8.56.1' ],
121 silly audit   '@typescript-eslint/scope-manager': [ '8.56.1' ],
121 silly audit   '@typescript-eslint/tsconfig-utils': [ '8.56.1' ],
121 silly audit   '@typescript-eslint/type-utils': [ '8.56.1' ],
121 silly audit   '@typescript-eslint/types': [ '8.56.1' ],
121 silly audit   '@typescript-eslint/typescript-estree': [ '8.56.1' ],
121 silly audit   'balanced-match': [ '4.0.4', '1.0.2' ],
121 silly audit   'brace-expansion': [ '5.0.4', '1.1.12' ],
121 silly audit   minimatch: [ '10.2.4', '3.1.5' ],
121 silly audit   semver: [ '7.7.4', '6.3.1' ],
121 silly audit   '@typescript-eslint/utils': [ '8.56.1' ],
121 silly audit   '@typescript-eslint/visitor-keys': [ '8.56.1' ],
121 silly audit   '@unrs/resolver-binding-android-arm-eabi': [ '1.11.1' ],
121 silly audit   '@unrs/resolver-binding-android-arm64': [ '1.11.1' ],
121 silly audit   '@unrs/resolver-binding-darwin-arm64': [ '1.11.1' ],
121 silly audit   '@unrs/resolver-binding-darwin-x64': [ '1.11.1' ],
121 silly audit   '@unrs/resolver-binding-freebsd-x64': [ '1.11.1' ],
121 silly audit   '@unrs/resolver-binding-linux-arm-gnueabihf': [ '1.11.1' ],
121 silly audit   '@unrs/resolver-binding-linux-arm-musleabihf': [ '1.11.1' ],
121 silly audit   '@unrs/resolver-binding-linux-arm64-gnu': [ '1.11.1' ],
121 silly audit   '@unrs/resolver-binding-linux-arm64-musl': [ '1.11.1' ],
121 silly audit   '@unrs/resolver-binding-linux-ppc64-gnu': [ '1.11.1' ],
121 silly audit   '@unrs/resolver-binding-linux-riscv64-gnu': [ '1.11.1' ],
121 silly audit   '@unrs/resolver-binding-linux-riscv64-musl': [ '1.11.1' ],
121 silly audit   '@unrs/resolver-binding-linux-s390x-gnu': [ '1.11.1' ],
121 silly audit   '@unrs/resolver-binding-linux-x64-gnu': [ '1.11.1' ],
121 silly audit   '@unrs/resolver-binding-linux-x64-musl': [ '1.11.1' ],
121 silly audit   '@unrs/resolver-binding-wasm32-wasi': [ '1.11.1' ],
121 silly audit   '@unrs/resolver-binding-win32-arm64-msvc': [ '1.11.1' ],
121 silly audit   '@unrs/resolver-binding-win32-ia32-msvc': [ '1.11.1' ],
121 silly audit   '@unrs/resolver-binding-win32-x64-msvc': [ '1.11.1' ],
121 silly audit   '@use-gesture/core': [ '10.3.1' ],
121 silly audit   '@use-gesture/react': [ '10.3.1' ],
121 silly audit   '@vercel/analytics': [ '1.6.1' ],
121 silly audit   '@webgpu/types': [ '0.1.69' ],
121 silly audit   acorn: [ '8.16.0' ],
121 silly audit   'acorn-jsx': [ '5.3.2' ],
121 silly audit   ajv: [ '6.14.0' ],
121 silly audit   'ansi-styles': [ '4.3.0' ],
121 silly audit   argparse: [ '2.0.1' ],
121 silly audit   'aria-query': [ '5.3.2' ],
121 silly audit   'array-buffer-byte-length': [ '1.0.2' ],
121 silly audit   'array-includes': [ '3.1.9' ],
121 silly audit   'array.prototype.findlast': [ '1.2.5' ],
121 silly audit   'array.prototype.findlastindex': [ '1.2.6' ],
121 silly audit   'array.prototype.flat': [ '1.3.3' ],
121 silly audit   'array.prototype.flatmap': [ '1.3.3' ],
121 silly audit   'array.prototype.tosorted': [ '1.1.4' ],
121 silly audit   'arraybuffer.prototype.slice': [ '1.0.4' ],
121 silly audit   'ast-types-flow': [ '0.0.8' ],
121 silly audit   'async-function': [ '1.0.0' ],
121 silly audit   'available-typed-arrays': [ '1.0.7' ],
121 silly audit   'axe-core': [ '4.11.1' ],
121 silly audit   'axobject-query': [ '4.1.0' ],
121 silly audit   'babel-plugin-react-compiler': [ '1.0.0' ],
121 silly audit   'base64-js': [ '1.5.1' ],
121 silly audit   'baseline-browser-mapping': [ '2.10.0' ],
121 silly audit   'bidi-js': [ '1.0.3' ],
121 silly audit   braces: [ '3.0.3' ],
121 silly audit   browserslist: [ '4.28.1' ],
121 silly audit   buffer: [ '6.0.3' ],
121 silly audit   'call-bind': [ '1.0.8' ],
121 silly audit   'call-bind-apply-helpers': [ '1.0.2' ],
121 silly audit   'call-bound': [ '1.0.4' ],
121 silly audit   callsites: [ '3.1.0' ],
121 silly audit   'camera-controls': [ '3.1.2' ],
121 silly audit   'caniuse-lite': [ '1.0.30001777' ],
121 silly audit   chalk: [ '4.1.2' ],
121 silly audit   'client-only': [ '0.0.1' ],
121 silly audit   'color-convert': [ '2.0.1' ],
121 silly audit   'color-name': [ '1.1.4' ],
121 silly audit   'concat-map': [ '0.0.1' ],
121 silly audit   'convert-source-map': [ '2.0.0' ],
121 silly audit   'cross-env': [ '7.0.3' ],
121 silly audit   'cross-spawn': [ '7.0.6' ],
121 silly audit   csstype: [ '3.2.3' ],
121 silly audit   'damerau-levenshtein': [ '1.0.8' ],
121 silly audit   'data-view-buffer': [ '1.0.2' ],
121 silly audit   'data-view-byte-length': [ '1.0.2' ],
121 silly audit   'data-view-byte-offset': [ '1.0.1' ],
121 silly audit   debug: [ '4.4.3', '3.2.7' ],
121 silly audit   'deep-is': [ '0.1.4' ],
121 silly audit   'define-data-property': [ '1.1.4' ],
121 silly audit   'define-properties': [ '1.2.1' ],
121 silly audit   'detect-gpu': [ '5.0.70' ],
121 silly audit   'detect-libc': [ '2.1.2' ],
121 silly audit   doctrine: [ '2.1.0' ],
121 silly audit   draco3d: [ '1.5.7' ],
121 silly audit   'dunder-proto': [ '1.0.1' ],
121 silly audit   'electron-to-chromium': [ '1.5.307' ],
121 silly audit   'emoji-regex': [ '9.2.2' ],
121 silly audit   'enhanced-resolve': [ '5.20.0' ],
121 silly audit   'es-abstract': [ '1.24.1' ],
121 silly audit   'es-define-property': [ '1.0.1' ],
121 silly audit   'es-errors': [ '1.3.0' ],
121 silly audit   'es-iterator-helpers': [ '1.2.2' ],
121 silly audit   'es-object-atoms': [ '1.1.1' ],
121 silly audit   'es-set-tostringtag': [ '2.1.0' ],
121 silly audit   'es-shim-unscopables': [ '1.1.0' ],
121 silly audit   'es-to-primitive': [ '1.3.0' ],
121 silly audit   escalade: [ '3.2.0' ],
121 silly audit   'escape-string-regexp': [ '4.0.0' ],
121 silly audit   eslint: [ '9.39.3' ],
121 silly audit   'eslint-config-next': [ '16.1.6' ],
121 silly audit   globals: [ '16.4.0', '14.0.0' ],
121 silly audit   'eslint-import-resolver-node': [ '0.3.9' ],
121 silly audit   'eslint-import-resolver-typescript': [ '3.10.1' ],
121 silly audit   'eslint-module-utils': [ '2.12.1' ],
121 silly audit   'eslint-plugin-import': [ '2.32.0' ],
121 silly audit   'eslint-plugin-jsx-a11y': [ '6.10.2' ],
121 silly audit   'eslint-plugin-react': [ '7.37.5' ],
121 silly audit   'eslint-plugin-react-hooks': [ '7.0.1' ],
121 silly audit   resolve: [ '2.0.0-next.6', '1.22.11' ],
121 silly audit   'eslint-scope': [ '8.4.0' ],
121 silly audit   espree: [ '10.4.0' ],
121 silly audit   esquery: [ '1.7.0' ],
121 silly audit   esrecurse: [ '4.3.0' ],
121 silly audit   estraverse: [ '5.3.0' ],
121 silly audit   esutils: [ '2.0.3' ],
121 silly audit   'fast-deep-equal': [ '3.1.3' ],
121 silly audit   'fast-glob': [ '3.3.1' ],
121 silly audit   'glob-parent': [ '5.1.2', '6.0.2' ],
121 silly audit   'fast-json-stable-stringify': [ '2.1.0' ],
121 silly audit   'fast-levenshtein': [ '2.0.6' ],
121 silly audit   fastq: [ '1.20.1' ],
121 silly audit   fflate: [ '0.8.2', '0.6.10' ],
121 silly audit   'file-entry-cache': [ '8.0.0' ],
121 silly audit   'fill-range': [ '7.1.1' ],
121 silly audit   'find-up': [ '5.0.0' ],
121 silly audit   'flat-cache': [ '4.0.1' ],
121 silly audit   flatted: [ '3.3.4' ],
121 silly audit   'for-each': [ '0.3.5' ],
121 silly audit   'framer-motion': [ '12.35.0' ],
121 silly audit   'function-bind': [ '1.1.2' ],
121 silly audit   'function.prototype.name': [ '1.1.8' ],
121 silly audit   'functions-have-names': [ '1.2.3' ],
121 silly audit   'generator-function': [ '2.0.1' ],
121 silly audit   gensync: [ '1.0.0-beta.2' ],
121 silly audit   'get-intrinsic': [ '1.3.0' ],
121 silly audit   'get-proto': [ '1.0.1' ],
121 silly audit   'get-symbol-description': [ '1.1.0' ],
121 silly audit   'get-tsconfig': [ '4.13.6' ],
121 silly audit   globalthis: [ '1.0.4' ],
121 silly audit   'glsl-noise': [ '0.0.0' ],
121 silly audit   gopd: [ '1.2.0' ],
121 silly audit   'graceful-fs': [ '4.2.11' ],
121 silly audit   gsap: [ '3.14.2' ],
121 silly audit   'has-bigints': [ '1.1.0' ],
121 silly audit   'has-flag': [ '4.0.0' ],
121 silly audit   'has-property-descriptors': [ '1.0.2' ],
121 silly audit   'has-proto': [ '1.2.0' ],
121 silly audit   'has-symbols': [ '1.1.0' ],
121 silly audit   'has-tostringtag': [ '1.0.2' ],
121 silly audit   hasown: [ '2.0.2' ],
121 silly audit   'hermes-estree': [ '0.25.1' ],
121 silly audit   'hermes-parser': [ '0.25.1' ],
121 silly audit   'hls.js': [ '1.6.15' ],
121 silly audit   ieee754: [ '1.2.1' ],
121 silly audit   immediate: [ '3.0.6' ],
121 silly audit   'import-fresh': [ '3.3.1' ],
121 silly audit   imurmurhash: [ '0.1.4' ],
121 silly audit   'internal-slot': [ '1.1.0' ],
121 silly audit   'is-array-buffer': [ '3.0.5' ],
121 silly audit   'is-async-function': [ '2.1.1' ],
121 silly audit   'is-bigint': [ '1.1.0' ],
121 silly audit   'is-boolean-object': [ '1.2.2' ],
121 silly audit   'is-bun-module': [ '2.0.0' ],
121 silly audit   'is-callable': [ '1.2.7' ],
121 silly audit   'is-core-module': [ '2.16.1' ],
121 silly audit   'is-data-view': [ '1.0.2' ],
121 silly audit   'is-date-object': [ '1.1.0' ],
121 silly audit   'is-extglob': [ '2.1.1' ],
121 silly audit   'is-finalizationregistry': [ '1.1.1' ],
121 silly audit   'is-generator-function': [ '1.1.2' ],
121 silly audit   'is-glob': [ '4.0.3' ],
121 silly audit   'is-map': [ '2.0.3' ],
121 silly audit   'is-negative-zero': [ '2.0.3' ],
121 silly audit   'is-number': [ '7.0.0' ],
121 silly audit   'is-number-object': [ '1.1.1' ],
121 silly audit   'is-promise': [ '2.2.2' ],
121 silly audit   'is-regex': [ '1.2.1' ],
121 silly audit   'is-set': [ '2.0.3' ],
121 silly audit   'is-shared-array-buffer': [ '1.0.4' ],
121 silly audit   'is-string': [ '1.1.1' ],
121 silly audit   'is-symbol': [ '1.1.1' ],
121 silly audit   'is-typed-array': [ '1.1.15' ],
121 silly audit   'is-weakmap': [ '2.0.2' ],
121 silly audit   'is-weakref': [ '1.1.1' ],
121 silly audit   'is-weakset': [ '2.0.4' ],
121 silly audit   isarray: [ '2.0.5' ],
121 silly audit   isexe: [ '2.0.0' ],
121 silly audit   'iterator.prototype': [ '1.1.5' ],
121 silly audit   'its-fine': [ '2.0.0' ],
121 silly audit   jiti: [ '2.6.1' ],
121 silly audit   'js-tokens': [ '4.0.0' ],
121 silly audit   'js-yaml': [ '4.1.1' ],
121 silly audit   jsesc: [ '3.1.0' ],
121 silly audit   'json-buffer': [ '3.0.1' ],
121 silly audit   'json-schema-traverse': [ '0.4.1' ],
121 silly audit   'json-stable-stringify-without-jsonify': [ '1.0.1' ],
121 silly audit   json5: [ '2.2.3', '1.0.2' ],
121 silly audit   'jsx-ast-utils': [ '3.3.5' ],
121 silly audit   keyv: [ '4.5.4' ],
121 silly audit   'language-subtag-registry': [ '0.3.23' ],
121 silly audit   'language-tags': [ '1.0.9' ],
121 silly audit   leaflet: [ '1.9.4' ],
121 silly audit   lenis: [ '1.3.18' ],
121 silly audit   levn: [ '0.4.1' ],
121 silly audit   lie: [ '3.3.0' ],
121 silly audit   lightningcss: [ '1.31.1' ],
121 silly audit   'lightningcss-android-arm64': [ '1.31.1' ],
121 silly audit   'lightningcss-darwin-arm64': [ '1.31.1' ],
121 silly audit   'lightningcss-darwin-x64': [ '1.31.1' ],
121 silly audit   'lightningcss-freebsd-x64': [ '1.31.1' ],
121 silly audit   'lightningcss-linux-arm-gnueabihf': [ '1.31.1' ],
121 silly audit   'lightningcss-linux-arm64-gnu': [ '1.31.1' ],
121 silly audit   'lightningcss-linux-arm64-musl': [ '1.31.1' ],
121 silly audit   'lightningcss-linux-x64-gnu': [ '1.31.1' ],
121 silly audit   'lightningcss-linux-x64-musl': [ '1.31.1' ],
121 silly audit   'lightningcss-win32-arm64-msvc': [ '1.31.1' ],
121 silly audit   'lightningcss-win32-x64-msvc': [ '1.31.1' ],
121 silly audit   'locate-path': [ '6.0.0' ],
121 silly audit   'lodash.merge': [ '4.6.2' ],
121 silly audit   'loose-envify': [ '1.4.0' ],
121 silly audit   'lru-cache': [ '5.1.1' ],
121 silly audit   'lucide-react': [ '0.577.0' ],
121 silly audit   maath: [ '0.10.8' ],
121 silly audit   'magic-string': [ '0.30.21' ],
121 silly audit   'math-intrinsics': [ '1.1.0' ],
121 silly audit   merge2: [ '1.4.1' ],
121 silly audit   meshline: [ '3.3.1' ],
121 silly audit   meshoptimizer: [ '1.0.1' ],
121 silly audit   micromatch: [ '4.0.8' ],
121 silly audit   minimist: [ '1.2.8' ],
121 silly audit   'motion-dom': [ '12.35.0' ],
121 silly audit   'motion-utils': [ '12.29.2' ],
121 silly audit   ms: [ '2.1.3' ],
121 silly audit   nanoid: [ '3.3.11' ],
121 silly audit   'napi-postinstall': [ '0.3.4' ],
121 silly audit   'natural-compare': [ '1.4.0' ],
121 silly audit   next: [ '16.1.6' ],
121 silly audit   postcss: [ '8.4.31', '8.5.8' ],
121 silly audit   'node-exports-info': [ '1.6.0' ],
121 silly audit   'node-releases': [ '2.0.36' ],
121 silly audit   'object-assign': [ '4.1.1' ],
121 silly audit   'object-inspect': [ '1.13.4' ],
121 silly audit   'object-keys': [ '1.1.1' ],
121 silly audit   'object.assign': [ '4.1.7' ],
121 silly audit   'object.entries': [ '1.1.9' ],
121 silly audit   'object.fromentries': [ '2.0.8' ],
121 silly audit   'object.groupby': [ '1.0.3' ],
121 silly audit   'object.values': [ '1.2.1' ],
121 silly audit   optionator: [ '0.9.4' ],
121 silly audit   'own-keys': [ '1.0.1' ],
121 silly audit   'p-limit': [ '3.1.0' ],
121 silly audit   'p-locate': [ '5.0.0' ],
121 silly audit   'parent-module': [ '1.0.1' ],
121 silly audit   'path-exists': [ '4.0.0' ],
121 silly audit   'path-key': [ '3.1.1' ],
121 silly audit   'path-parse': [ '1.0.7' ],
121 silly audit   picocolors: [ '1.1.1' ],
121 silly audit   picomatch: [ '2.3.1', '4.0.3' ],
121 silly audit   'possible-typed-array-names': [ '1.1.0' ],
121 silly audit   potpack: [ '1.0.2' ],
121 silly audit   'prelude-ls': [ '1.2.1' ],
121 silly audit   'promise-worker-transferable': [ '1.0.4' ],
121 silly audit   'prop-types': [ '15.8.1' ],
121 silly audit   punycode: [ '2.3.1' ],
121 silly audit   'queue-microtask': [ '1.2.3' ],
121 silly audit   react: [ '19.2.3' ],
121 silly audit   'react-dom': [ '19.2.3' ],
121 silly audit   'react-hook-form': [ '7.71.2' ],
121 silly audit   'react-icons': [ '5.6.0' ],
121 silly audit   'react-is': [ '16.13.1' ],
121 silly audit   'react-leaflet': [ '5.0.0' ],
121 silly audit   'react-use-measure': [ '2.1.7' ],
121 silly audit   'reflect.getprototypeof': [ '1.0.10' ],
121 silly audit   'regexp.prototype.flags': [ '1.5.4' ],
121 silly audit   'require-from-string': [ '2.0.2' ],
121 silly audit   'resolve-from': [ '4.0.0' ],
121 silly audit   'resolve-pkg-maps': [ '1.0.0' ],
121 silly audit   reusify: [ '1.1.0' ],
121 silly audit   'run-parallel': [ '1.2.0' ],
121 silly audit   'safe-array-concat': [ '1.1.3' ],
121 silly audit   'safe-push-apply': [ '1.0.0' ],
121 silly audit   'safe-regex-test': [ '1.1.0' ],
121 silly audit   scheduler: [ '0.27.0' ],
121 silly audit   'set-function-length': [ '1.2.2' ],
121 silly audit   'set-function-name': [ '2.0.2' ],
121 silly audit   'set-proto': [ '1.0.0' ],
121 silly audit   sharp: [ '0.34.5' ],
121 silly audit   'shebang-command': [ '2.0.0' ],
121 silly audit   'shebang-regex': [ '3.0.0' ],
121 silly audit   'side-channel': [ '1.1.0' ],
121 silly audit   'side-channel-list': [ '1.0.0' ],
121 silly audit   'side-channel-map': [ '1.0.1' ],
121 silly audit   'side-channel-weakmap': [ '1.0.2' ],
121 silly audit   'source-map-js': [ '1.2.1' ],
121 silly audit   'stable-hash': [ '0.0.5' ],
121 silly audit   'stats-gl': [ '2.4.2' ],
121 silly audit   three: [ '0.170.0', '0.183.2' ],
121 silly audit   'stats.js': [ '0.17.0' ],
121 silly audit   'stop-iteration-iterator': [ '1.1.0' ],
121 silly audit   'string.prototype.includes': [ '2.0.1' ],
121 silly audit   'string.prototype.matchall': [ '4.0.12' ],
121 silly audit   'string.prototype.repeat': [ '1.0.0' ],
121 silly audit   'string.prototype.trim': [ '1.2.10' ],
121 silly audit   'string.prototype.trimend': [ '1.0.9' ],
121 silly audit   'string.prototype.trimstart': [ '1.0.8' ],
121 silly audit   'strip-bom': [ '3.0.0' ],
121 silly audit   'strip-json-comments': [ '3.1.1' ],
121 silly audit   'styled-jsx': [ '5.1.6' ],
121 silly audit   'supports-color': [ '7.2.0' ],
121 silly audit   'supports-preserve-symlinks-flag': [ '1.0.0' ],
121 silly audit   'suspend-react': [ '0.1.3' ],
121 silly audit   tailwindcss: [ '4.2.1' ],
121 silly audit   tapable: [ '2.3.0' ],
121 silly audit   'three-mesh-bvh': [ '0.8.3' ],
121 silly audit   'three-stdlib': [ '2.36.1' ],
121 silly audit   tinyglobby: [ '0.2.15' ],
121 silly audit   fdir: [ '6.5.0' ],
121 silly audit   'to-regex-range': [ '5.0.1' ],
121 silly audit   'troika-three-text': [ '0.52.4' ],
121 silly audit   'troika-three-utils': [ '0.52.4' ],
121 silly audit   'troika-worker-utils': [ '0.52.0' ],
121 silly audit   'ts-api-utils': [ '2.4.0' ],
121 silly audit   'tsconfig-paths': [ '3.15.0' ],
121 silly audit   tslib: [ '2.8.1' ],
121 silly audit   'tunnel-rat': [ '0.1.2' ],
121 silly audit   zustand: [ '4.5.7', '5.0.11' ],
121 silly audit   'type-check': [ '0.4.0' ],
121 silly audit   'typed-array-buffer': [ '1.0.3' ],
121 silly audit   'typed-array-byte-length': [ '1.0.3' ],
121 silly audit   'typed-array-byte-offset': [ '1.0.4' ],
121 silly audit   'typed-array-length': [ '1.0.7' ],
121 silly audit   typescript: [ '5.9.3' ],
121 silly audit   'typescript-eslint': [ '8.56.1' ],
121 silly audit   'unbox-primitive': [ '1.1.0' ],
121 silly audit   'undici-types': [ '6.21.0' ],
121 silly audit   'unrs-resolver': [ '1.11.1' ],
121 silly audit   'update-browserslist-db': [ '1.2.3' ],
121 silly audit   'uri-js': [ '4.4.1' ],
121 silly audit   'use-sync-external-store': [ '1.6.0' ],
121 silly audit   'utility-types': [ '3.11.0' ],
121 silly audit   'webgl-constants': [ '1.1.1' ],
121 silly audit   'webgl-sdf-generator': [ '1.1.1' ],
121 silly audit   which: [ '2.0.2' ],
121 silly audit   'which-boxed-primitive': [ '1.1.1' ],
121 silly audit   'which-builtin-type': [ '1.2.1' ],
121 silly audit   'which-collection': [ '1.0.2' ],
121 silly audit   'which-typed-array': [ '1.1.20' ],
121 silly audit   'word-wrap': [ '1.2.5' ],
121 silly audit   yallist: [ '3.1.1' ],
121 silly audit   'yocto-queue': [ '0.1.0' ],
121 silly audit   zod: [ '4.3.6' ],
121 silly audit   'zod-validation-error': [ '4.0.2' ],
121 silly audit   '@vercel/speed-insights': [ '1.3.1' ]
121 silly audit }
122 http cache @vercel/speed-insights@https://registry.npmjs.org/@vercel/speed-insights/-/speed-insights-1.3.1.tgz 0ms (cache hit)
123 silly tarball no local data for @vercel/speed-insights@https://registry.npmjs.org/@vercel/speed-insights/-/speed-insights-1.3.1.tgz. Extracting by manifest.
124 http fetch POST 200 https://registry.npmjs.org/-/npm/v1/security/advisories/bulk 483ms
125 silly audit report {}
126 http fetch GET 200 https://registry.npmjs.org/@vercel/speed-insights/-/speed-insights-1.3.1.tgz 1441ms (cache miss)
127 silly ADD node_modules/@vercel/speed-insights
128 verbose cwd C:\xampp\htdocs\lengo-website
129 verbose os Windows_NT 10.0.19042
130 verbose node v22.14.0
131 verbose npm  v11.6.0
132 verbose exit 0
133 info ok
