0 verbose cli C:\nvm4w\nodejs\node.exe C:\Users\Glo'S\AppData\Roaming\npm\node_modules\npm\bin\npm-cli.js
1 info using npm@11.6.0
2 info using node@v22.14.0
3 silly config load:file:C:\Users\Glo'S\AppData\Roaming\npm\node_modules\npm\npmrc
4 silly config load:file:C:\xampp\htdocs\lengo-website\.npmrc
5 silly config load:file:C:\Users\Glo'S\.npmrc
6 silly config load:file:C:\Users\Glo'S\AppData\Roaming\npm\etc\npmrc
7 verbose title npm install three @react-three/fiber @react-three/drei
8 verbose argv "install" "three" "@react-three/fiber" "@react-three/drei"
9 verbose logfile logs-max:10 dir:C:\xampp\htdocs\lengo-website\npm-cache\_logs\2026-03-06T21_46_15_068Z-
10 verbose logfile C:\xampp\htdocs\lengo-website\npm-cache\_logs\2026-03-06T21_46_15_068Z-debug-0.log
11 silly logfile start cleaning logs, removing 1 files
12 silly packumentCache heap:2197815296 maxSize:549453824 maxEntrySize:274726912
13 silly logfile done cleaning log files
14 silly idealTree buildDeps
15 silly fetch manifest three@*
16 silly packumentCache full:https://registry.npmjs.org/three cache-miss
17 http fetch GET 200 https://registry.npmjs.org/three 11294ms (cache miss)
18 silly packumentCache full:https://registry.npmjs.org/three set size:undefined disposed:false
19 silly fetch manifest @react-three/fiber@*
20 silly packumentCache full:https://registry.npmjs.org/@react-three%2ffiber cache-miss
21 http fetch GET 200 https://registry.npmjs.org/@react-three%2ffiber 4598ms (cache miss)
22 silly packumentCache full:https://registry.npmjs.org/@react-three%2ffiber set size:undefined disposed:false
23 silly fetch manifest expo@>=43.0
24 silly packumentCache full:https://registry.npmjs.org/expo cache-miss
25 http fetch GET 200 https://registry.npmjs.org/expo 10986ms (cache miss)
26 silly packumentCache full:https://registry.npmjs.org/expo set size:undefined disposed:false
27 silly fetch manifest @expo/dom-webview@*
28 silly packumentCache full:https://registry.npmjs.org/@expo%2fdom-webview cache-miss
29 http fetch GET 200 https://registry.npmjs.org/@expo%2fdom-webview 5811ms (cache miss)
30 silly packumentCache full:https://registry.npmjs.org/@expo%2fdom-webview set size:undefined disposed:false
31 silly fetch manifest react@19.2.3
32 silly packumentCache full:https://registry.npmjs.org/react cache-miss
33 http fetch GET 200 https://registry.npmjs.org/react 1348ms (cache revalidated)
34 silly packumentCache full:https://registry.npmjs.org/react set size:6535664 disposed:false
35 silly fetch manifest react-native@*
36 silly packumentCache full:https://registry.npmjs.org/react-native cache-miss
37 http fetch GET 200 https://registry.npmjs.org/react-native 36567ms (cache miss)
38 silly packumentCache full:https://registry.npmjs.org/react-native set size:undefined disposed:false
39 silly fetch manifest @types/react@^19
40 silly packumentCache full:https://registry.npmjs.org/@types%2freact cache-miss
41 http fetch GET 200 https://registry.npmjs.org/@types%2freact 7364ms (cache miss)
42 silly packumentCache full:https://registry.npmjs.org/@types%2freact set size:undefined disposed:false
43 silly fetch manifest @expo/metro-runtime@*
44 silly packumentCache full:https://registry.npmjs.org/@expo%2fmetro-runtime cache-miss
45 http fetch GET 200 https://registry.npmjs.org/@expo%2fmetro-runtime 2830ms (cache miss)
46 silly packumentCache full:https://registry.npmjs.org/@expo%2fmetro-runtime set size:undefined disposed:false
47 silly fetch manifest react-dom@19.2.3
48 silly packumentCache full:https://registry.npmjs.org/react-dom cache-miss
49 http fetch GET 200 https://registry.npmjs.org/react-dom 483ms (cache revalidated)
50 silly packumentCache full:https://registry.npmjs.org/react-dom set size:8671691 disposed:false
51 silly fetch manifest react-native-webview@*
52 silly packumentCache full:https://registry.npmjs.org/react-native-webview cache-miss
53 http fetch GET 200 https://registry.npmjs.org/react-native-webview 8379ms (cache miss)
54 silly packumentCache full:https://registry.npmjs.org/react-native-webview set size:undefined disposed:false
55 silly fetch manifest expo-asset@>=8.4
56 silly packumentCache full:https://registry.npmjs.org/expo-asset cache-miss
57 http fetch GET 200 https://registry.npmjs.org/expo-asset 11291ms (cache miss)
58 silly packumentCache full:https://registry.npmjs.org/expo-asset set size:undefined disposed:false
59 silly fetch manifest expo-file-system@>=11.0
60 silly packumentCache full:https://registry.npmjs.org/expo-file-system cache-miss
61 http fetch GET 200 https://registry.npmjs.org/expo-file-system 5942ms (cache miss)
62 silly packumentCache full:https://registry.npmjs.org/expo-file-system set size:undefined disposed:false
63 silly fetch manifest expo-gl@>=11.0
64 silly packumentCache full:https://registry.npmjs.org/expo-gl cache-miss
65 http fetch GET 200 https://registry.npmjs.org/expo-gl 6390ms (cache miss)
66 silly packumentCache full:https://registry.npmjs.org/expo-gl set size:undefined disposed:false
67 silly fetch manifest react-native-reanimated@*
68 silly packumentCache full:https://registry.npmjs.org/react-native-reanimated cache-miss
69 http fetch GET 200 https://registry.npmjs.org/react-native-reanimated 16707ms (cache miss)
70 silly packumentCache full:https://registry.npmjs.org/react-native-reanimated set size:undefined disposed:false
71 silly fetch manifest react-native-worklets@>=0.7.0
72 silly packumentCache full:https://registry.npmjs.org/react-native-worklets cache-miss
73 http fetch GET 200 https://registry.npmjs.org/react-native-worklets 4792ms (cache miss)
74 silly packumentCache full:https://registry.npmjs.org/react-native-worklets set size:undefined disposed:false
75 silly fetch manifest @babel/core@*
76 silly packumentCache full:https://registry.npmjs.org/@babel%2fcore cache-miss
77 http fetch GET 200 https://registry.npmjs.org/@babel%2fcore 5265ms (cache miss)
78 silly packumentCache full:https://registry.npmjs.org/@babel%2fcore set size:undefined disposed:false
79 silly fetch manifest react-native-web@*
80 silly packumentCache full:https://registry.npmjs.org/react-native-web cache-miss
81 http fetch GET 200 https://registry.npmjs.org/react-native-web 9050ms (cache miss)
82 silly packumentCache full:https://registry.npmjs.org/react-native-web set size:undefined disposed:false
83 silly fetch manifest @react-three/drei@*
84 silly packumentCache full:https://registry.npmjs.org/@react-three%2fdrei cache-miss
85 http fetch GET 200 https://registry.npmjs.org/@react-three%2fdrei 26413ms (cache miss)
86 silly packumentCache full:https://registry.npmjs.org/@react-three%2fdrei set size:undefined disposed:false
87 silly placeDep ROOT @react-three/drei@10.7.7 OK for: lengo-website@0.1.0 want: *
88 silly placeDep ROOT three@0.183.2 OK for: @react-three/drei@10.7.7 want: >=0.159
89 silly placeDep ROOT @react-three/fiber@9.5.0 OK for: @react-three/drei@10.7.7 want: ^9.0.0
90 silly placeDep ROOT @react-three/fiber@9.5.0 REPLACE for: lengo-website@0.1.0 want: *
91 silly placeDep ROOT three@0.183.2 REPLACE for: lengo-website@0.1.0 want: *
92 silly fetch manifest maath@^0.10.8
93 silly packumentCache full:https://registry.npmjs.org/maath cache-miss
94 silly fetch manifest hls.js@^1.5.17
95 silly packumentCache full:https://registry.npmjs.org/hls.js cache-miss
96 silly fetch manifest zustand@^5.0.1
97 silly packumentCache full:https://registry.npmjs.org/zustand cache-miss
98 http fetch GET 200 https://registry.npmjs.org/maath 1712ms (cache miss)
99 silly packumentCache full:https://registry.npmjs.org/maath set size:undefined disposed:false
100 silly fetch manifest meshline@^3.3.1
101 silly packumentCache full:https://registry.npmjs.org/meshline cache-miss
102 http fetch GET 200 https://registry.npmjs.org/zustand 2478ms (cache miss)
103 silly packumentCache full:https://registry.npmjs.org/zustand set size:undefined disposed:false
104 silly fetch manifest stats-gl@^2.2.8
105 silly packumentCache full:https://registry.npmjs.org/stats-gl cache-miss
106 http fetch GET 200 https://registry.npmjs.org/meshline 1338ms (cache miss)
107 silly packumentCache full:https://registry.npmjs.org/meshline set size:undefined disposed:false
108 silly fetch manifest stats.js@^0.17.0
109 silly packumentCache full:https://registry.npmjs.org/stats.js cache-miss
110 http fetch GET 200 https://registry.npmjs.org/stats-gl 2720ms (cache miss)
111 silly packumentCache full:https://registry.npmjs.org/stats-gl set size:undefined disposed:false
112 silly fetch manifest cross-env@^7.0.3
113 silly packumentCache full:https://registry.npmjs.org/cross-env cache-miss
114 http fetch GET 200 https://registry.npmjs.org/stats.js 2266ms (cache miss)
115 silly packumentCache full:https://registry.npmjs.org/stats.js set size:undefined disposed:false
116 silly fetch manifest detect-gpu@^5.0.56
117 silly packumentCache full:https://registry.npmjs.org/detect-gpu cache-miss
118 http fetch GET 200 https://registry.npmjs.org/cross-env 1309ms (cache miss)
119 silly packumentCache full:https://registry.npmjs.org/cross-env set size:undefined disposed:false
120 silly fetch manifest glsl-noise@^0.0.0
121 silly packumentCache full:https://registry.npmjs.org/glsl-noise cache-miss
122 http fetch GET 200 https://registry.npmjs.org/glsl-noise 527ms (cache miss)
123 silly packumentCache full:https://registry.npmjs.org/glsl-noise set size:undefined disposed:false
124 silly fetch manifest tunnel-rat@^0.1.2
125 silly packumentCache full:https://registry.npmjs.org/tunnel-rat cache-miss
126 http fetch GET 200 https://registry.npmjs.org/detect-gpu 1762ms (cache miss)
127 silly packumentCache full:https://registry.npmjs.org/detect-gpu set size:undefined disposed:false
128 silly fetch manifest three-stdlib@^2.35.6
129 silly packumentCache full:https://registry.npmjs.org/three-stdlib cache-miss
130 http fetch GET 200 https://registry.npmjs.org/tunnel-rat 1665ms (cache miss)
131 silly packumentCache full:https://registry.npmjs.org/tunnel-rat set size:undefined disposed:false
132 silly fetch manifest suspend-react@^0.1.3
133 silly packumentCache full:https://registry.npmjs.org/suspend-react cache-miss
134 http fetch GET 200 https://registry.npmjs.org/hls.js 9304ms (cache miss)
135 silly packumentCache full:https://registry.npmjs.org/hls.js set size:undefined disposed:false
136 silly fetch manifest utility-types@^3.11.0
137 silly packumentCache full:https://registry.npmjs.org/utility-types cache-miss
138 http fetch GET 200 https://registry.npmjs.org/suspend-react 2266ms (cache miss)
139 silly packumentCache full:https://registry.npmjs.org/suspend-react set size:undefined disposed:false
140 silly fetch manifest @babel/runtime@^7.26.0
141 silly packumentCache full:https://registry.npmjs.org/@babel%2fruntime cache-miss
142 http fetch GET 200 https://registry.npmjs.org/utility-types 1157ms (cache miss)
143 silly packumentCache full:https://registry.npmjs.org/utility-types set size:undefined disposed:false
144 silly fetch manifest three-mesh-bvh@^0.8.3
145 silly packumentCache full:https://registry.npmjs.org/three-mesh-bvh cache-miss
146 http fetch GET 200 https://registry.npmjs.org/three-stdlib 5433ms (cache miss)
147 silly packumentCache full:https://registry.npmjs.org/three-stdlib set size:undefined disposed:false
148 silly fetch manifest camera-controls@^3.1.0
149 silly packumentCache full:https://registry.npmjs.org/camera-controls cache-miss
150 http fetch GET 200 https://registry.npmjs.org/three-mesh-bvh 1491ms (cache miss)
151 silly packumentCache full:https://registry.npmjs.org/three-mesh-bvh set size:undefined disposed:false
152 silly fetch manifest troika-three-text@^0.52.4
153 silly packumentCache full:https://registry.npmjs.org/troika-three-text cache-miss
154 http fetch GET 200 https://registry.npmjs.org/@babel%2fruntime 2233ms (cache miss)
155 silly packumentCache full:https://registry.npmjs.org/@babel%2fruntime set size:undefined disposed:false
156 silly fetch manifest @use-gesture/react@^10.3.1
157 silly packumentCache full:https://registry.npmjs.org/@use-gesture%2freact cache-miss
158 http fetch GET 200 https://registry.npmjs.org/camera-controls 1145ms (cache miss)
159 silly packumentCache full:https://registry.npmjs.org/camera-controls set size:undefined disposed:false
160 silly fetch manifest @monogrid/gainmap-js@^3.0.6
161 silly packumentCache full:https://registry.npmjs.org/@monogrid%2fgainmap-js cache-miss
162 http fetch GET 200 https://registry.npmjs.org/troika-three-text 3456ms (cache miss)
163 silly packumentCache full:https://registry.npmjs.org/troika-three-text set size:undefined disposed:false
164 silly fetch manifest @mediapipe/tasks-vision@0.10.17
165 silly packumentCache full:https://registry.npmjs.org/@mediapipe%2ftasks-vision cache-miss
166 http fetch GET 200 https://registry.npmjs.org/@monogrid%2fgainmap-js 2614ms (cache miss)
167 silly packumentCache full:https://registry.npmjs.org/@monogrid%2fgainmap-js set size:undefined disposed:false
168 silly fetch manifest use-sync-external-store@^1.4.0
169 silly packumentCache full:https://registry.npmjs.org/use-sync-external-store cache-miss
170 http fetch GET 200 https://registry.npmjs.org/@use-gesture%2freact 3052ms (cache miss)
171 silly packumentCache full:https://registry.npmjs.org/@use-gesture%2freact set size:undefined disposed:false
172 silly fetch manifest buffer@^6.0.3
173 silly packumentCache full:https://registry.npmjs.org/buffer cache-miss
174 http fetch GET 200 https://registry.npmjs.org/buffer 753ms (cache miss)
175 silly packumentCache full:https://registry.npmjs.org/buffer set size:undefined disposed:false
176 silly fetch manifest zustand@^5.0.3
177 silly packumentCache full:https://registry.npmjs.org/zustand cache-miss
178 http cache https://registry.npmjs.org/zustand 76ms (cache hit)
179 silly packumentCache full:https://registry.npmjs.org/zustand set size:496701 disposed:false
180 silly fetch manifest its-fine@^2.0.0
181 silly packumentCache full:https://registry.npmjs.org/its-fine cache-miss
182 http fetch GET 200 https://registry.npmjs.org/its-fine 962ms (cache miss)
183 silly packumentCache full:https://registry.npmjs.org/its-fine set size:undefined disposed:false
184 silly fetch manifest base64-js@^1.5.1
185 silly packumentCache full:https://registry.npmjs.org/base64-js cache-miss
186 http fetch GET 200 https://registry.npmjs.org/@mediapipe%2ftasks-vision 3022ms (cache miss)
187 silly packumentCache full:https://registry.npmjs.org/@mediapipe%2ftasks-vision set size:undefined disposed:false
188 silly fetch manifest @types/webxr@*
189 silly packumentCache full:https://registry.npmjs.org/@types%2fwebxr cache-miss
190 http fetch GET 200 https://registry.npmjs.org/base64-js 1900ms (cache miss)
191 silly packumentCache full:https://registry.npmjs.org/base64-js set size:undefined disposed:false
192 silly fetch manifest @babel/runtime@^7.17.8
193 silly packumentCache full:https://registry.npmjs.org/@babel%2fruntime cache-miss
194 http cache https://registry.npmjs.org/@babel%2fruntime 89ms (cache hit)
195 silly packumentCache full:https://registry.npmjs.org/@babel%2fruntime set size:3322062 disposed:false
196 silly fetch manifest react-use-measure@^2.1.7
197 silly packumentCache full:https://registry.npmjs.org/react-use-measure cache-miss
198 http fetch GET 200 https://registry.npmjs.org/@types%2fwebxr 1125ms (cache miss)
199 silly packumentCache full:https://registry.npmjs.org/@types%2fwebxr set size:undefined disposed:false
200 silly fetch manifest use-sync-external-store@^1.4.0
201 silly packumentCache full:https://registry.npmjs.org/use-sync-external-store cache-miss
202 http fetch GET 200 https://registry.npmjs.org/react-use-measure 1092ms (cache miss)
203 silly packumentCache full:https://registry.npmjs.org/react-use-measure set size:undefined disposed:false
204 silly fetch manifest use-sync-external-store@^1.4.0
205 silly packumentCache full:https://registry.npmjs.org/use-sync-external-store cache-miss
206 http fetch GET 200 https://registry.npmjs.org/use-sync-external-store 11088ms (cache miss)
207 silly packumentCache full:https://registry.npmjs.org/use-sync-external-store set size:undefined disposed:false
208 http fetch GET 200 https://registry.npmjs.org/use-sync-external-store 10905ms (cache miss)
209 silly packumentCache full:https://registry.npmjs.org/use-sync-external-store set size:undefined disposed:false
210 http fetch GET 200 https://registry.npmjs.org/use-sync-external-store 22165ms (cache miss)
211 silly packumentCache full:https://registry.npmjs.org/use-sync-external-store set size:undefined disposed:false
212 silly fetch manifest @types/three@>=0.134.0
213 silly packumentCache full:https://registry.npmjs.org/@types%2fthree cache-miss
214 http fetch GET 200 https://registry.npmjs.org/@types%2fthree 2406ms (cache miss)
215 silly packumentCache full:https://registry.npmjs.org/@types%2fthree set size:undefined disposed:false
216 silly fetch manifest three@>=0.159
217 silly packumentCache full:https://registry.npmjs.org/three cache-miss
218 http cache https://registry.npmjs.org/three 23ms (cache hit)
219 silly packumentCache full:https://registry.npmjs.org/three set size:921533 disposed:false
220 silly fetch manifest @types/react@>=18.0.0
221 silly packumentCache full:https://registry.npmjs.org/@types%2freact cache-miss
222 http cache https://registry.npmjs.org/@types%2freact 531ms (cache hit)
223 silly packumentCache full:https://registry.npmjs.org/@types%2freact set size:2588986 disposed:false
224 silly fetch manifest immer@>=9.0.6
225 silly packumentCache full:https://registry.npmjs.org/immer cache-miss
226 http fetch GET 200 https://registry.npmjs.org/immer 1203ms (cache miss)
227 silly packumentCache full:https://registry.npmjs.org/immer set size:undefined disposed:false
228 silly fetch manifest react@^19
229 silly packumentCache full:https://registry.npmjs.org/react cache-miss
230 http cache https://registry.npmjs.org/react 87ms (cache hit)
231 silly packumentCache full:https://registry.npmjs.org/react set size:6535664 disposed:false
232 silly placeDep ROOT @babel/runtime@7.28.6 OK for: @react-three/drei@10.7.7 want: ^7.26.0
233 silly placeDep ROOT @mediapipe/tasks-vision@0.10.17 OK for: @react-three/drei@10.7.7 want: 0.10.17
234 silly placeDep ROOT @monogrid/gainmap-js@3.4.0 OK for: @react-three/drei@10.7.7 want: ^3.0.6
235 silly placeDep ROOT @use-gesture/react@10.3.1 OK for: @react-three/drei@10.7.7 want: ^10.3.1
236 silly placeDep ROOT camera-controls@3.1.2 OK for: @react-three/drei@10.7.7 want: ^3.1.0
237 silly placeDep ROOT cross-env@7.0.3 OK for: @react-three/drei@10.7.7 want: ^7.0.3
238 silly placeDep ROOT detect-gpu@5.0.70 OK for: @react-three/drei@10.7.7 want: ^5.0.56
239 silly placeDep ROOT glsl-noise@0.0.0 OK for: @react-three/drei@10.7.7 want: ^0.0.0
240 silly placeDep ROOT hls.js@1.6.15 OK for: @react-three/drei@10.7.7 want: ^1.5.17
241 silly placeDep ROOT maath@0.10.8 OK for: @react-three/drei@10.7.7 want: ^0.10.8
242 silly placeDep ROOT @types/three@0.183.1 OK for: maath@0.10.8 want: >=0.134.0
243 silly placeDep ROOT meshline@3.3.1 OK for: @react-three/drei@10.7.7 want: ^3.3.1
244 silly placeDep ROOT stats-gl@2.4.2 OK for: @react-three/drei@10.7.7 want: ^2.2.8
245 silly placeDep ROOT stats.js@0.17.0 OK for: @react-three/drei@10.7.7 want: ^0.17.0
246 silly placeDep ROOT suspend-react@0.1.3 OK for: @react-three/drei@10.7.7 want: ^0.1.3
247 silly placeDep ROOT three-mesh-bvh@0.8.3 OK for: @react-three/drei@10.7.7 want: ^0.8.3
248 silly placeDep ROOT three-stdlib@2.36.1 OK for: @react-three/drei@10.7.7 want: ^2.35.6
249 silly placeDep ROOT troika-three-text@0.52.4 OK for: @react-three/drei@10.7.7 want: ^0.52.4
250 silly placeDep ROOT tunnel-rat@0.1.2 OK for: @react-three/drei@10.7.7 want: ^0.1.2
251 silly placeDep ROOT use-sync-external-store@1.6.0 OK for: @react-three/drei@10.7.7 want: ^1.4.0
252 silly placeDep ROOT utility-types@3.11.0 OK for: @react-three/drei@10.7.7 want: ^3.11.0
253 silly placeDep ROOT zustand@5.0.11 OK for: @react-three/drei@10.7.7 want: ^5.0.1
254 silly fetch manifest promise-worker-transferable@^1.0.4
255 silly packumentCache full:https://registry.npmjs.org/promise-worker-transferable cache-miss
256 silly fetch manifest @use-gesture/core@10.3.1
257 silly packumentCache full:https://registry.npmjs.org/@use-gesture%2fcore cache-miss
258 silly fetch manifest webgl-constants@^1.1.1
259 silly packumentCache full:https://registry.npmjs.org/webgl-constants cache-miss
260 http fetch GET 200 https://registry.npmjs.org/promise-worker-transferable 1519ms (cache miss)
261 silly packumentCache full:https://registry.npmjs.org/promise-worker-transferable set size:undefined disposed:false
262 silly fetch manifest fflate@~0.8.2
263 silly packumentCache full:https://registry.npmjs.org/fflate cache-miss
264 http fetch GET 200 https://registry.npmjs.org/webgl-constants 3208ms (cache miss)
265 silly packumentCache full:https://registry.npmjs.org/webgl-constants set size:undefined disposed:false
266 silly fetch manifest @types/webxr@>=0.5.17
267 silly packumentCache full:https://registry.npmjs.org/@types%2fwebxr cache-miss
268 http cache https://registry.npmjs.org/@types%2fwebxr 14ms (cache hit)
269 silly packumentCache full:https://registry.npmjs.org/@types%2fwebxr set size:64472 disposed:false
270 silly fetch manifest @webgpu/types@*
271 silly packumentCache full:https://registry.npmjs.org/@webgpu%2ftypes cache-miss
272 http fetch GET 200 https://registry.npmjs.org/fflate 2730ms (cache miss)
273 silly packumentCache full:https://registry.npmjs.org/fflate set size:undefined disposed:false
274 silly fetch manifest meshoptimizer@~1.0.1
275 silly packumentCache full:https://registry.npmjs.org/meshoptimizer cache-miss
276 http fetch GET 200 https://registry.npmjs.org/meshoptimizer 1267ms (cache miss)
277 silly packumentCache full:https://registry.npmjs.org/meshoptimizer set size:undefined disposed:false
278 silly fetch manifest @types/stats.js@*
279 silly packumentCache full:https://registry.npmjs.org/@types%2fstats.js cache-miss
280 http fetch GET 200 https://registry.npmjs.org/@webgpu%2ftypes 2535ms (cache miss)
281 silly packumentCache full:https://registry.npmjs.org/@webgpu%2ftypes set size:undefined disposed:false
282 silly fetch manifest @tweenjs/tween.js@~23.1.3
283 silly packumentCache full:https://registry.npmjs.org/@tweenjs%2ftween.js cache-miss
284 http fetch GET 200 https://registry.npmjs.org/@types%2fstats.js 950ms (cache miss)
285 silly packumentCache full:https://registry.npmjs.org/@types%2fstats.js set size:undefined disposed:false
286 silly fetch manifest @dimforge/rapier3d-compat@~0.12.0
287 silly packumentCache full:https://registry.npmjs.org/@dimforge%2frapier3d-compat cache-miss
288 http fetch GET 200 https://registry.npmjs.org/@use-gesture%2fcore 7085ms (cache miss)
289 silly packumentCache full:https://registry.npmjs.org/@use-gesture%2fcore set size:undefined disposed:false
290 silly fetch manifest three@^0.170.0
291 silly packumentCache full:https://registry.npmjs.org/three cache-hit
292 silly fetch manifest @types/draco3d@^1.4.0
293 silly packumentCache full:https://registry.npmjs.org/@types%2fdraco3d cache-miss
294 http fetch GET 200 https://registry.npmjs.org/@tweenjs%2ftween.js 1919ms (cache miss)
295 silly packumentCache full:https://registry.npmjs.org/@tweenjs%2ftween.js set size:undefined disposed:false
296 silly fetch manifest @types/offscreencanvas@^2019.6.4
297 silly packumentCache full:https://registry.npmjs.org/@types%2foffscreencanvas cache-miss
298 http fetch GET 200 https://registry.npmjs.org/@types%2foffscreencanvas 2609ms (cache miss)
299 silly packumentCache full:https://registry.npmjs.org/@types%2foffscreencanvas set size:undefined disposed:false
300 silly fetch manifest @types/webxr@^0.5.2
301 silly packumentCache full:https://registry.npmjs.org/@types%2fwebxr cache-hit
302 silly fetch manifest draco3d@^1.4.1
303 silly packumentCache full:https://registry.npmjs.org/draco3d cache-miss
304 http fetch GET 200 https://registry.npmjs.org/@types%2fdraco3d 4781ms (cache miss)
305 silly packumentCache full:https://registry.npmjs.org/@types%2fdraco3d set size:undefined disposed:false
306 silly fetch manifest fflate@^0.6.9
307 silly packumentCache full:https://registry.npmjs.org/fflate cache-miss
308 http fetch GET 200 https://registry.npmjs.org/@dimforge%2frapier3d-compat 5574ms (cache miss)
309 silly packumentCache full:https://registry.npmjs.org/@dimforge%2frapier3d-compat set size:undefined disposed:false
310 silly fetch manifest potpack@^1.0.1
311 silly packumentCache full:https://registry.npmjs.org/potpack cache-miss
312 http cache https://registry.npmjs.org/fflate 205ms (cache hit)
313 silly packumentCache full:https://registry.npmjs.org/fflate set size:230492 disposed:false
314 silly fetch manifest bidi-js@^1.0.2
315 silly packumentCache full:https://registry.npmjs.org/bidi-js cache-miss
316 http fetch GET 200 https://registry.npmjs.org/draco3d 2067ms (cache miss)
317 silly packumentCache full:https://registry.npmjs.org/draco3d set size:undefined disposed:false
318 silly fetch manifest troika-three-utils@^0.52.4
319 silly packumentCache full:https://registry.npmjs.org/troika-three-utils cache-miss
320 http fetch GET 200 https://registry.npmjs.org/bidi-js 3199ms (cache miss)
321 silly packumentCache full:https://registry.npmjs.org/bidi-js set size:undefined disposed:false
322 silly fetch manifest troika-worker-utils@^0.52.0
323 silly packumentCache full:https://registry.npmjs.org/troika-worker-utils cache-miss
324 http fetch GET 200 https://registry.npmjs.org/potpack 3238ms (cache miss)
325 silly packumentCache full:https://registry.npmjs.org/potpack set size:undefined disposed:false
326 silly fetch manifest webgl-sdf-generator@1.1.1
327 silly packumentCache full:https://registry.npmjs.org/webgl-sdf-generator cache-miss
328 http fetch GET 200 https://registry.npmjs.org/troika-three-utils 2957ms (cache miss)
329 silly packumentCache full:https://registry.npmjs.org/troika-three-utils set size:undefined disposed:false
330 silly fetch manifest zustand@^4.3.2
331 silly packumentCache full:https://registry.npmjs.org/zustand cache-hit
332 http fetch GET 200 https://registry.npmjs.org/webgl-sdf-generator 1907ms (cache miss)
333 silly packumentCache full:https://registry.npmjs.org/webgl-sdf-generator set size:undefined disposed:false
334 http fetch GET 200 https://registry.npmjs.org/troika-worker-utils 3143ms (cache miss)
335 silly packumentCache full:https://registry.npmjs.org/troika-worker-utils set size:undefined disposed:false
336 silly placeDep ROOT promise-worker-transferable@1.0.4 OK for: @monogrid/gainmap-js@3.4.0 want: ^1.0.4
337 silly fetch manifest is-promise@^2.1.0
338 silly packumentCache full:https://registry.npmjs.org/is-promise cache-miss
339 silly fetch manifest lie@^3.0.2
340 silly packumentCache full:https://registry.npmjs.org/lie cache-miss
341 http fetch GET 200 https://registry.npmjs.org/is-promise 488ms (cache miss)
342 silly packumentCache full:https://registry.npmjs.org/is-promise set size:undefined disposed:false
343 http fetch GET 200 https://registry.npmjs.org/lie 766ms (cache miss)
344 silly packumentCache full:https://registry.npmjs.org/lie set size:undefined disposed:false
345 silly fetch manifest react@>=19 <19.3
346 silly packumentCache full:https://registry.npmjs.org/react cache-miss
347 http cache https://registry.npmjs.org/react 190ms (cache hit)
348 silly packumentCache full:https://registry.npmjs.org/react set size:6535664 disposed:false
349 silly fetch manifest react-dom@>=19 <19.3
350 silly packumentCache full:https://registry.npmjs.org/react-dom cache-miss
351 http cache https://registry.npmjs.org/react-dom 57ms (cache hit)
352 silly packumentCache full:https://registry.npmjs.org/react-dom set size:8671691 disposed:false
353 silly placeDep ROOT @types/webxr@0.5.24 OK for: @react-three/fiber@9.5.0 want: *
354 silly placeDep ROOT base64-js@1.5.1 OK for: @react-three/fiber@9.5.0 want: ^1.5.1
355 silly placeDep ROOT buffer@6.0.3 OK for: @react-three/fiber@9.5.0 want: ^6.0.3
356 silly placeDep ROOT its-fine@2.0.0 OK for: @react-three/fiber@9.5.0 want: ^2.0.0
357 silly placeDep ROOT react-use-measure@2.1.7 OK for: @react-three/fiber@9.5.0 want: ^2.1.7
358 silly fetch manifest ieee754@^1.2.1
359 silly packumentCache full:https://registry.npmjs.org/ieee754 cache-miss
360 silly fetch manifest @types/react-reconciler@^0.28.9
361 silly packumentCache full:https://registry.npmjs.org/@types%2freact-reconciler cache-miss
362 http fetch GET 200 https://registry.npmjs.org/ieee754 1280ms (cache miss)
363 silly packumentCache full:https://registry.npmjs.org/ieee754 set size:undefined disposed:false
364 http fetch GET 200 https://registry.npmjs.org/@types%2freact-reconciler 2609ms (cache miss)
365 silly packumentCache full:https://registry.npmjs.org/@types%2freact-reconciler set size:undefined disposed:false
366 silly placeDep ROOT @dimforge/rapier3d-compat@0.12.0 OK for: @types/three@0.183.1 want: ~0.12.0
367 silly placeDep ROOT @tweenjs/tween.js@23.1.3 OK for: @types/three@0.183.1 want: ~23.1.3
368 silly placeDep ROOT @types/stats.js@0.17.4 OK for: @types/three@0.183.1 want: *
369 silly placeDep ROOT @webgpu/types@0.1.69 OK for: @types/three@0.183.1 want: *
370 silly placeDep ROOT fflate@0.8.2 OK for: @types/three@0.183.1 want: ~0.8.2
371 silly placeDep ROOT meshoptimizer@1.0.1 OK for: @types/three@0.183.1 want: ~1.0.1
372 silly placeDep ROOT @use-gesture/core@10.3.1 OK for: @use-gesture/react@10.3.1 want: 10.3.1
373 silly placeDep ROOT ieee754@1.2.1 OK for: buffer@6.0.3 want: ^1.2.1
374 silly placeDep ROOT webgl-constants@1.1.1 OK for: detect-gpu@5.0.70 want: ^1.1.1
375 silly fetch manifest @types/react@*
376 silly packumentCache full:https://registry.npmjs.org/@types%2freact cache-miss
377 http cache https://registry.npmjs.org/@types%2freact 176ms (cache hit)
378 silly packumentCache full:https://registry.npmjs.org/@types%2freact set size:2588986 disposed:false
379 silly placeDep ROOT @types/react-reconciler@0.28.9 OK for: its-fine@2.0.0 want: ^0.28.9
380 silly placeDep ROOT is-promise@2.2.2 OK for: promise-worker-transferable@1.0.4 want: ^2.1.0
381 silly placeDep ROOT lie@3.3.0 OK for: promise-worker-transferable@1.0.4 want: ^3.0.2
382 silly fetch manifest immediate@~3.0.5
383 silly packumentCache full:https://registry.npmjs.org/immediate cache-miss
384 http fetch GET 200 https://registry.npmjs.org/immediate 1620ms (cache miss)
385 silly packumentCache full:https://registry.npmjs.org/immediate set size:undefined disposed:false
386 silly placeDep ROOT immediate@3.0.6 OK for: lie@3.3.0 want: ~3.0.5
387 silly placeDep node_modules/stats-gl three@0.170.0 OK for: stats-gl@2.4.2 want: ^0.170.0
388 silly placeDep ROOT @types/draco3d@1.4.10 OK for: three-stdlib@2.36.1 want: ^1.4.0
389 silly placeDep ROOT @types/offscreencanvas@2019.7.3 OK for: three-stdlib@2.36.1 want: ^2019.6.4
390 silly placeDep ROOT draco3d@1.5.7 OK for: three-stdlib@2.36.1 want: ^1.4.1
391 silly placeDep node_modules/three-stdlib fflate@0.6.10 OK for: three-stdlib@2.36.1 want: ^0.6.9
392 silly placeDep ROOT potpack@1.0.2 OK for: three-stdlib@2.36.1 want: ^1.0.1
393 silly fetch manifest three@>=0.125.0
394 silly packumentCache full:https://registry.npmjs.org/three cache-hit
395 silly placeDep ROOT bidi-js@1.0.3 OK for: troika-three-text@0.52.4 want: ^1.0.2
396 silly placeDep ROOT troika-three-utils@0.52.4 OK for: troika-three-text@0.52.4 want: ^0.52.4
397 silly placeDep ROOT troika-worker-utils@0.52.0 OK for: troika-three-text@0.52.4 want: ^0.52.0
398 silly placeDep ROOT webgl-sdf-generator@1.1.1 OK for: troika-three-text@0.52.4 want: 1.1.1
399 silly fetch manifest require-from-string@^2.0.2
400 silly packumentCache full:https://registry.npmjs.org/require-from-string cache-miss
401 http fetch GET 200 https://registry.npmjs.org/require-from-string 3169ms (cache miss)
402 silly packumentCache full:https://registry.npmjs.org/require-from-string set size:undefined disposed:false
403 silly placeDep ROOT require-from-string@2.0.2 OK for: bidi-js@1.0.3 want: ^2.0.2
404 silly fetch manifest @types/react@>=16.8
405 silly packumentCache full:https://registry.npmjs.org/@types%2freact cache-miss
406 http cache https://registry.npmjs.org/@types%2freact 922ms (cache hit)
407 silly packumentCache full:https://registry.npmjs.org/@types%2freact set size:2588986 disposed:false
408 silly fetch manifest react@>=16.8
409 silly packumentCache full:https://registry.npmjs.org/react cache-miss
410 http cache https://registry.npmjs.org/react 208ms (cache hit)
411 silly packumentCache full:https://registry.npmjs.org/react set size:6535664 disposed:false
412 silly placeDep node_modules/tunnel-rat zustand@4.5.7 OK for: tunnel-rat@0.1.2 want: ^4.3.2
413 silly reify moves {}
414 silly audit bulk request {
414 silly audit   '@alloc/quick-lru': [ '5.2.0' ],
414 silly audit   '@babel/code-frame': [ '7.29.0' ],
414 silly audit   '@babel/compat-data': [ '7.29.0' ],
414 silly audit   '@babel/core': [ '7.29.0' ],
414 silly audit   '@babel/generator': [ '7.29.1' ],
414 silly audit   '@babel/helper-compilation-targets': [ '7.28.6' ],
414 silly audit   '@babel/helper-globals': [ '7.28.0' ],
414 silly audit   '@babel/helper-module-imports': [ '7.28.6' ],
414 silly audit   '@babel/helper-module-transforms': [ '7.28.6' ],
414 silly audit   '@babel/helper-string-parser': [ '7.27.1' ],
414 silly audit   '@babel/helper-validator-identifier': [ '7.28.5' ],
414 silly audit   '@babel/helper-validator-option': [ '7.27.1' ],
414 silly audit   '@babel/helpers': [ '7.28.6' ],
414 silly audit   '@babel/parser': [ '7.29.0' ],
414 silly audit   '@babel/template': [ '7.28.6' ],
414 silly audit   '@babel/traverse': [ '7.29.0' ],
414 silly audit   '@babel/types': [ '7.29.0' ],
414 silly audit   '@emnapi/core': [ '1.8.1' ],
414 silly audit   '@emnapi/runtime': [ '1.8.1' ],
414 silly audit   '@emnapi/wasi-threads': [ '1.1.0' ],
414 silly audit   '@eslint-community/eslint-utils': [ '4.9.1' ],
414 silly audit   'eslint-visitor-keys': [ '3.4.3', '5.0.1', '4.2.1' ],
414 silly audit   '@eslint-community/regexpp': [ '4.12.2' ],
414 silly audit   '@eslint/config-array': [ '0.21.1' ],
414 silly audit   '@eslint/config-helpers': [ '0.4.2' ],
414 silly audit   '@eslint/core': [ '0.17.0' ],
414 silly audit   '@eslint/eslintrc': [ '3.3.4' ],
414 silly audit   '@eslint/js': [ '9.39.3' ],
414 silly audit   '@eslint/object-schema': [ '2.1.7' ],
414 silly audit   '@eslint/plugin-kit': [ '0.4.1' ],
414 silly audit   '@humanfs/core': [ '0.19.1' ],
414 silly audit   '@humanfs/node': [ '0.16.7' ],
414 silly audit   '@humanwhocodes/module-importer': [ '1.0.1' ],
414 silly audit   '@humanwhocodes/retry': [ '0.4.3' ],
414 silly audit   '@img/colour': [ '1.1.0' ],
414 silly audit   '@img/sharp-darwin-arm64': [ '0.34.5' ],
414 silly audit   '@img/sharp-darwin-x64': [ '0.34.5' ],
414 silly audit   '@img/sharp-libvips-darwin-arm64': [ '1.2.4' ],
414 silly audit   '@img/sharp-libvips-darwin-x64': [ '1.2.4' ],
414 silly audit   '@img/sharp-libvips-linux-arm': [ '1.2.4' ],
414 silly audit   '@img/sharp-libvips-linux-arm64': [ '1.2.4' ],
414 silly audit   '@img/sharp-libvips-linux-ppc64': [ '1.2.4' ],
414 silly audit   '@img/sharp-libvips-linux-riscv64': [ '1.2.4' ],
414 silly audit   '@img/sharp-libvips-linux-s390x': [ '1.2.4' ],
414 silly audit   '@img/sharp-libvips-linux-x64': [ '1.2.4' ],
414 silly audit   '@img/sharp-libvips-linuxmusl-arm64': [ '1.2.4' ],
414 silly audit   '@img/sharp-libvips-linuxmusl-x64': [ '1.2.4' ],
414 silly audit   '@img/sharp-linux-arm': [ '0.34.5' ],
414 silly audit   '@img/sharp-linux-arm64': [ '0.34.5' ],
414 silly audit   '@img/sharp-linux-ppc64': [ '0.34.5' ],
414 silly audit   '@img/sharp-linux-riscv64': [ '0.34.5' ],
414 silly audit   '@img/sharp-linux-s390x': [ '0.34.5' ],
414 silly audit   '@img/sharp-linux-x64': [ '0.34.5' ],
414 silly audit   '@img/sharp-linuxmusl-arm64': [ '0.34.5' ],
414 silly audit   '@img/sharp-linuxmusl-x64': [ '0.34.5' ],
414 silly audit   '@img/sharp-wasm32': [ '0.34.5' ],
414 silly audit   '@img/sharp-win32-arm64': [ '0.34.5' ],
414 silly audit   '@img/sharp-win32-ia32': [ '0.34.5' ],
414 silly audit   '@img/sharp-win32-x64': [ '0.34.5' ],
414 silly audit   '@jridgewell/gen-mapping': [ '0.3.13' ],
414 silly audit   '@jridgewell/remapping': [ '2.3.5' ],
414 silly audit   '@jridgewell/resolve-uri': [ '3.1.2' ],
414 silly audit   '@jridgewell/sourcemap-codec': [ '1.5.5' ],
414 silly audit   '@jridgewell/trace-mapping': [ '0.3.31' ],
414 silly audit   '@napi-rs/wasm-runtime': [ '0.2.12' ],
414 silly audit   '@next/env': [ '16.1.6' ],
414 silly audit   '@next/eslint-plugin-next': [ '16.1.6' ],
414 silly audit   '@next/swc-darwin-arm64': [ '16.1.6' ],
414 silly audit   '@next/swc-darwin-x64': [ '16.1.6' ],
414 silly audit   '@next/swc-linux-arm64-gnu': [ '16.1.6' ],
414 silly audit   '@next/swc-linux-arm64-musl': [ '16.1.6' ],
414 silly audit   '@next/swc-linux-x64-gnu': [ '16.1.6' ],
414 silly audit   '@next/swc-linux-x64-musl': [ '16.1.6' ],
414 silly audit   '@next/swc-win32-arm64-msvc': [ '16.1.6' ],
414 silly audit   '@next/swc-win32-x64-msvc': [ '16.1.6' ],
414 silly audit   '@nodelib/fs.scandir': [ '2.1.5' ],
414 silly audit   '@nodelib/fs.stat': [ '2.0.5' ],
414 silly audit   '@nodelib/fs.walk': [ '1.2.8' ],
414 silly audit   '@nolyfill/is-core-module': [ '1.0.39' ],
414 silly audit   '@rtsao/scc': [ '1.1.0' ],
414 silly audit   '@studio-freight/lenis': [ '1.0.42' ],
414 silly audit   '@swc/helpers': [ '0.5.15' ],
414 silly audit   '@tailwindcss/node': [ '4.2.1' ],
414 silly audit   '@tailwindcss/oxide': [ '4.2.1' ],
414 silly audit   '@tailwindcss/oxide-android-arm64': [ '4.2.1' ],
414 silly audit   '@tailwindcss/oxide-darwin-arm64': [ '4.2.1' ],
414 silly audit   '@tailwindcss/oxide-darwin-x64': [ '4.2.1' ],
414 silly audit   '@tailwindcss/oxide-freebsd-x64': [ '4.2.1' ],
414 silly audit   '@tailwindcss/oxide-linux-arm-gnueabihf': [ '4.2.1' ],
414 silly audit   '@tailwindcss/oxide-linux-arm64-gnu': [ '4.2.1' ],
414 silly audit   '@tailwindcss/oxide-linux-arm64-musl': [ '4.2.1' ],
414 silly audit   '@tailwindcss/oxide-linux-x64-gnu': [ '4.2.1' ],
414 silly audit   '@tailwindcss/oxide-linux-x64-musl': [ '4.2.1' ],
414 silly audit   '@tailwindcss/oxide-wasm32-wasi': [ '4.2.1' ],
414 silly audit   '@tailwindcss/oxide-win32-arm64-msvc': [ '4.2.1' ],
414 silly audit   '@tailwindcss/oxide-win32-x64-msvc': [ '4.2.1' ],
414 silly audit   '@tailwindcss/postcss': [ '4.2.1' ],
414 silly audit   '@tybys/wasm-util': [ '0.10.1' ],
414 silly audit   '@types/estree': [ '1.0.8' ],
414 silly audit   '@types/json-schema': [ '7.0.15' ],
414 silly audit   '@types/json5': [ '0.0.29' ],
414 silly audit   '@types/node': [ '20.19.37' ],
414 silly audit   '@types/react': [ '19.2.14' ],
414 silly audit   '@types/react-dom': [ '19.2.3' ],
414 silly audit   '@typescript-eslint/eslint-plugin': [ '8.56.1' ],
414 silly audit   ignore: [ '7.0.5', '5.3.2' ],
414 silly audit   '@typescript-eslint/parser': [ '8.56.1' ],
414 silly audit   '@typescript-eslint/project-service': [ '8.56.1' ],
414 silly audit   '@typescript-eslint/scope-manager': [ '8.56.1' ],
414 silly audit   '@typescript-eslint/tsconfig-utils': [ '8.56.1' ],
414 silly audit   '@typescript-eslint/type-utils': [ '8.56.1' ],
414 silly audit   '@typescript-eslint/types': [ '8.56.1' ],
414 silly audit   '@typescript-eslint/typescript-estree': [ '8.56.1' ],
414 silly audit   'balanced-match': [ '4.0.4', '1.0.2' ],
414 silly audit   'brace-expansion': [ '5.0.4', '1.1.12' ],
414 silly audit   minimatch: [ '10.2.4', '3.1.5' ],
414 silly audit   semver: [ '7.7.4', '6.3.1' ],
414 silly audit   '@typescript-eslint/utils': [ '8.56.1' ],
414 silly audit   '@typescript-eslint/visitor-keys': [ '8.56.1' ],
414 silly audit   '@unrs/resolver-binding-android-arm-eabi': [ '1.11.1' ],
414 silly audit   '@unrs/resolver-binding-android-arm64': [ '1.11.1' ],
414 silly audit   '@unrs/resolver-binding-darwin-arm64': [ '1.11.1' ],
414 silly audit   '@unrs/resolver-binding-darwin-x64': [ '1.11.1' ],
414 silly audit   '@unrs/resolver-binding-freebsd-x64': [ '1.11.1' ],
414 silly audit   '@unrs/resolver-binding-linux-arm-gnueabihf': [ '1.11.1' ],
414 silly audit   '@unrs/resolver-binding-linux-arm-musleabihf': [ '1.11.1' ],
414 silly audit   '@unrs/resolver-binding-linux-arm64-gnu': [ '1.11.1' ],
414 silly audit   '@unrs/resolver-binding-linux-arm64-musl': [ '1.11.1' ],
414 silly audit   '@unrs/resolver-binding-linux-ppc64-gnu': [ '1.11.1' ],
414 silly audit   '@unrs/resolver-binding-linux-riscv64-gnu': [ '1.11.1' ],
414 silly audit   '@unrs/resolver-binding-linux-riscv64-musl': [ '1.11.1' ],
414 silly audit   '@unrs/resolver-binding-linux-s390x-gnu': [ '1.11.1' ],
414 silly audit   '@unrs/resolver-binding-linux-x64-gnu': [ '1.11.1' ],
414 silly audit   '@unrs/resolver-binding-linux-x64-musl': [ '1.11.1' ],
414 silly audit   '@unrs/resolver-binding-wasm32-wasi': [ '1.11.1' ],
414 silly audit   '@unrs/resolver-binding-win32-arm64-msvc': [ '1.11.1' ],
414 silly audit   '@unrs/resolver-binding-win32-ia32-msvc': [ '1.11.1' ],
414 silly audit   '@unrs/resolver-binding-win32-x64-msvc': [ '1.11.1' ],
414 silly audit   acorn: [ '8.16.0' ],
414 silly audit   'acorn-jsx': [ '5.3.2' ],
414 silly audit   ajv: [ '6.14.0' ],
414 silly audit   'ansi-styles': [ '4.3.0' ],
414 silly audit   argparse: [ '2.0.1' ],
414 silly audit   'aria-query': [ '5.3.2' ],
414 silly audit   'array-buffer-byte-length': [ '1.0.2' ],
414 silly audit   'array-includes': [ '3.1.9' ],
414 silly audit   'array.prototype.findlast': [ '1.2.5' ],
414 silly audit   'array.prototype.findlastindex': [ '1.2.6' ],
414 silly audit   'array.prototype.flat': [ '1.3.3' ],
414 silly audit   'array.prototype.flatmap': [ '1.3.3' ],
414 silly audit   'array.prototype.tosorted': [ '1.1.4' ],
414 silly audit   'arraybuffer.prototype.slice': [ '1.0.4' ],
414 silly audit   'ast-types-flow': [ '0.0.8' ],
414 silly audit   'async-function': [ '1.0.0' ],
414 silly audit   'available-typed-arrays': [ '1.0.7' ],
414 silly audit   'axe-core': [ '4.11.1' ],
414 silly audit   'axobject-query': [ '4.1.0' ],
414 silly audit   'babel-plugin-react-compiler': [ '1.0.0' ],
414 silly audit   'baseline-browser-mapping': [ '2.10.0' ],
414 silly audit   braces: [ '3.0.3' ],
414 silly audit   browserslist: [ '4.28.1' ],
414 silly audit   'call-bind': [ '1.0.8' ],
414 silly audit   'call-bind-apply-helpers': [ '1.0.2' ],
414 silly audit   'call-bound': [ '1.0.4' ],
414 silly audit   callsites: [ '3.1.0' ],
414 silly audit   'caniuse-lite': [ '1.0.30001777' ],
414 silly audit   chalk: [ '4.1.2' ],
414 silly audit   'client-only': [ '0.0.1' ],
414 silly audit   'color-convert': [ '2.0.1' ],
414 silly audit   'color-name': [ '1.1.4' ],
414 silly audit   'concat-map': [ '0.0.1' ],
414 silly audit   'convert-source-map': [ '2.0.0' ],
414 silly audit   'cross-spawn': [ '7.0.6' ],
414 silly audit   csstype: [ '3.2.3' ],
414 silly audit   'damerau-levenshtein': [ '1.0.8' ],
414 silly audit   'data-view-buffer': [ '1.0.2' ],
414 silly audit   'data-view-byte-length': [ '1.0.2' ],
414 silly audit   'data-view-byte-offset': [ '1.0.1' ],
414 silly audit   debug: [ '4.4.3', '3.2.7' ],
414 silly audit   'deep-is': [ '0.1.4' ],
414 silly audit   'define-data-property': [ '1.1.4' ],
414 silly audit   'define-properties': [ '1.2.1' ],
414 silly audit   'detect-libc': [ '2.1.2' ],
414 silly audit   doctrine: [ '2.1.0' ],
414 silly audit   'dunder-proto': [ '1.0.1' ],
414 silly audit   'electron-to-chromium': [ '1.5.307' ],
414 silly audit   'emoji-regex': [ '9.2.2' ],
414 silly audit   'enhanced-resolve': [ '5.20.0' ],
414 silly audit   'es-abstract': [ '1.24.1' ],
414 silly audit   'es-define-property': [ '1.0.1' ],
414 silly audit   'es-errors': [ '1.3.0' ],
414 silly audit   'es-iterator-helpers': [ '1.2.2' ],
414 silly audit   'es-object-atoms': [ '1.1.1' ],
414 silly audit   'es-set-tostringtag': [ '2.1.0' ],
414 silly audit   'es-shim-unscopables': [ '1.1.0' ],
414 silly audit   'es-to-primitive': [ '1.3.0' ],
414 silly audit   escalade: [ '3.2.0' ],
414 silly audit   'escape-string-regexp': [ '4.0.0' ],
414 silly audit   eslint: [ '9.39.3' ],
414 silly audit   'eslint-config-next': [ '16.1.6' ],
414 silly audit   globals: [ '16.4.0', '14.0.0' ],
414 silly audit   'eslint-import-resolver-node': [ '0.3.9' ],
414 silly audit   'eslint-import-resolver-typescript': [ '3.10.1' ],
414 silly audit   'eslint-module-utils': [ '2.12.1' ],
414 silly audit   'eslint-plugin-import': [ '2.32.0' ],
414 silly audit   'eslint-plugin-jsx-a11y': [ '6.10.2' ],
414 silly audit   'eslint-plugin-react': [ '7.37.5' ],
414 silly audit   'eslint-plugin-react-hooks': [ '7.0.1' ],
414 silly audit   resolve: [ '2.0.0-next.6', '1.22.11' ],
414 silly audit   'eslint-scope': [ '8.4.0' ],
414 silly audit   espree: [ '10.4.0' ],
414 silly audit   esquery: [ '1.7.0' ],
414 silly audit   esrecurse: [ '4.3.0' ],
414 silly audit   estraverse: [ '5.3.0' ],
414 silly audit   esutils: [ '2.0.3' ],
414 silly audit   'fast-deep-equal': [ '3.1.3' ],
414 silly audit   'fast-glob': [ '3.3.1' ],
414 silly audit   'glob-parent': [ '5.1.2', '6.0.2' ],
414 silly audit   'fast-json-stable-stringify': [ '2.1.0' ],
414 silly audit   'fast-levenshtein': [ '2.0.6' ],
414 silly audit   fastq: [ '1.20.1' ],
414 silly audit   'file-entry-cache': [ '8.0.0' ],
414 silly audit   'fill-range': [ '7.1.1' ],
414 silly audit   'find-up': [ '5.0.0' ],
414 silly audit   'flat-cache': [ '4.0.1' ],
414 silly audit   flatted: [ '3.3.4' ],
414 silly audit   'for-each': [ '0.3.5' ],
414 silly audit   'framer-motion': [ '12.35.0' ],
414 silly audit   'function-bind': [ '1.1.2' ],
414 silly audit   'function.prototype.name': [ '1.1.8' ],
414 silly audit   'functions-have-names': [ '1.2.3' ],
414 silly audit   'generator-function': [ '2.0.1' ],
414 silly audit   gensync: [ '1.0.0-beta.2' ],
414 silly audit   'get-intrinsic': [ '1.3.0' ],
414 silly audit   'get-proto': [ '1.0.1' ],
414 silly audit   'get-symbol-description': [ '1.1.0' ],
414 silly audit   'get-tsconfig': [ '4.13.6' ],
414 silly audit   globalthis: [ '1.0.4' ],
414 silly audit   gopd: [ '1.2.0' ],
414 silly audit   'graceful-fs': [ '4.2.11' ],
414 silly audit   gsap: [ '3.14.2' ],
414 silly audit   'has-bigints': [ '1.1.0' ],
414 silly audit   'has-flag': [ '4.0.0' ],
414 silly audit   'has-property-descriptors': [ '1.0.2' ],
414 silly audit   'has-proto': [ '1.2.0' ],
414 silly audit   'has-symbols': [ '1.1.0' ],
414 silly audit   'has-tostringtag': [ '1.0.2' ],
414 silly audit   hasown: [ '2.0.2' ],
414 silly audit   'hermes-estree': [ '0.25.1' ],
414 silly audit   'hermes-parser': [ '0.25.1' ],
414 silly audit   'import-fresh': [ '3.3.1' ],
414 silly audit   imurmurhash: [ '0.1.4' ],
414 silly audit   'internal-slot': [ '1.1.0' ],
414 silly audit   'is-array-buffer': [ '3.0.5' ],
414 silly audit   'is-async-function': [ '2.1.1' ],
414 silly audit   'is-bigint': [ '1.1.0' ],
414 silly audit   'is-boolean-object': [ '1.2.2' ],
414 silly audit   'is-bun-module': [ '2.0.0' ],
414 silly audit   'is-callable': [ '1.2.7' ],
414 silly audit   'is-core-module': [ '2.16.1' ],
414 silly audit   'is-data-view': [ '1.0.2' ],
414 silly audit   'is-date-object': [ '1.1.0' ],
414 silly audit   'is-extglob': [ '2.1.1' ],
414 silly audit   'is-finalizationregistry': [ '1.1.1' ],
414 silly audit   'is-generator-function': [ '1.1.2' ],
414 silly audit   'is-glob': [ '4.0.3' ],
414 silly audit   'is-map': [ '2.0.3' ],
414 silly audit   'is-negative-zero': [ '2.0.3' ],
414 silly audit   'is-number': [ '7.0.0' ],
414 silly audit   'is-number-object': [ '1.1.1' ],
414 silly audit   'is-regex': [ '1.2.1' ],
414 silly audit   'is-set': [ '2.0.3' ],
414 silly audit   'is-shared-array-buffer': [ '1.0.4' ],
414 silly audit   'is-string': [ '1.1.1' ],
414 silly audit   'is-symbol': [ '1.1.1' ],
414 silly audit   'is-typed-array': [ '1.1.15' ],
414 silly audit   'is-weakmap': [ '2.0.2' ],
414 silly audit   'is-weakref': [ '1.1.1' ],
414 silly audit   'is-weakset': [ '2.0.4' ],
414 silly audit   isarray: [ '2.0.5' ],
414 silly audit   isexe: [ '2.0.0' ],
414 silly audit   'iterator.prototype': [ '1.1.5' ],
414 silly audit   jiti: [ '2.6.1' ],
414 silly audit   'js-tokens': [ '4.0.0' ],
414 silly audit   'js-yaml': [ '4.1.1' ],
414 silly audit   jsesc: [ '3.1.0' ],
414 silly audit   'json-buffer': [ '3.0.1' ],
414 silly audit   'json-schema-traverse': [ '0.4.1' ],
414 silly audit   'json-stable-stringify-without-jsonify': [ '1.0.1' ],
414 silly audit   json5: [ '2.2.3', '1.0.2' ],
414 silly audit   'jsx-ast-utils': [ '3.3.5' ],
414 silly audit   keyv: [ '4.5.4' ],
414 silly audit   'language-subtag-registry': [ '0.3.23' ],
414 silly audit   'language-tags': [ '1.0.9' ],
414 silly audit   lenis: [ '1.3.18' ],
414 silly audit   levn: [ '0.4.1' ],
414 silly audit   lightningcss: [ '1.31.1' ],
414 silly audit   'lightningcss-android-arm64': [ '1.31.1' ],
414 silly audit   'lightningcss-darwin-arm64': [ '1.31.1' ],
414 silly audit   'lightningcss-darwin-x64': [ '1.31.1' ],
414 silly audit   'lightningcss-freebsd-x64': [ '1.31.1' ],
414 silly audit   'lightningcss-linux-arm-gnueabihf': [ '1.31.1' ],
414 silly audit   'lightningcss-linux-arm64-gnu': [ '1.31.1' ],
414 silly audit   'lightningcss-linux-arm64-musl': [ '1.31.1' ],
414 silly audit   'lightningcss-linux-x64-gnu': [ '1.31.1' ],
414 silly audit   'lightningcss-linux-x64-musl': [ '1.31.1' ],
414 silly audit   'lightningcss-win32-arm64-msvc': [ '1.31.1' ],
414 silly audit   'lightningcss-win32-x64-msvc': [ '1.31.1' ],
414 silly audit   'locate-path': [ '6.0.0' ],
414 silly audit   'lodash.merge': [ '4.6.2' ],
414 silly audit   'loose-envify': [ '1.4.0' ],
414 silly audit   'lru-cache': [ '5.1.1' ],
414 silly audit   'lucide-react': [ '0.577.0' ],
414 silly audit   'magic-string': [ '0.30.21' ],
414 silly audit   'math-intrinsics': [ '1.1.0' ],
414 silly audit   merge2: [ '1.4.1' ],
414 silly audit   micromatch: [ '4.0.8' ],
414 silly audit   minimist: [ '1.2.8' ],
414 silly audit   'motion-dom': [ '12.35.0' ],
414 silly audit   'motion-utils': [ '12.29.2' ],
414 silly audit   ms: [ '2.1.3' ],
414 silly audit   nanoid: [ '3.3.11' ],
414 silly audit   'napi-postinstall': [ '0.3.4' ],
414 silly audit   'natural-compare': [ '1.4.0' ],
414 silly audit   next: [ '16.1.6' ],
414 silly audit   postcss: [ '8.4.31', '8.5.8' ],
414 silly audit   'node-exports-info': [ '1.6.0' ],
414 silly audit   'node-releases': [ '2.0.36' ],
414 silly audit   'object-assign': [ '4.1.1' ],
414 silly audit   'object-inspect': [ '1.13.4' ],
414 silly audit   'object-keys': [ '1.1.1' ],
414 silly audit   'object.assign': [ '4.1.7' ],
414 silly audit   'object.entries': [ '1.1.9' ],
414 silly audit   'object.fromentries': [ '2.0.8' ],
414 silly audit   'object.groupby': [ '1.0.3' ],
414 silly audit   'object.values': [ '1.2.1' ],
414 silly audit   optionator: [ '0.9.4' ],
414 silly audit   'own-keys': [ '1.0.1' ],
414 silly audit   'p-limit': [ '3.1.0' ],
414 silly audit   'p-locate': [ '5.0.0' ],
414 silly audit   'parent-module': [ '1.0.1' ],
414 silly audit   'path-exists': [ '4.0.0' ],
414 silly audit   'path-key': [ '3.1.1' ],
414 silly audit   'path-parse': [ '1.0.7' ],
414 silly audit   picocolors: [ '1.1.1' ],
414 silly audit   picomatch: [ '2.3.1', '4.0.3' ],
414 silly audit   'possible-typed-array-names': [ '1.1.0' ],
414 silly audit   'prelude-ls': [ '1.2.1' ],
414 silly audit   'prop-types': [ '15.8.1' ],
414 silly audit   punycode: [ '2.3.1' ],
414 silly audit   'queue-microtask': [ '1.2.3' ],
414 silly audit   react: [ '19.2.3' ],
414 silly audit   'react-dom': [ '19.2.3' ],
414 silly audit   'react-hook-form': [ '7.71.2' ],
414 silly audit   'react-is': [ '16.13.1' ],
414 silly audit   'reflect.getprototypeof': [ '1.0.10' ],
414 silly audit   'regexp.prototype.flags': [ '1.5.4' ],
414 silly audit   'resolve-from': [ '4.0.0' ],
414 silly audit   'resolve-pkg-maps': [ '1.0.0' ],
414 silly audit   reusify: [ '1.1.0' ],
414 silly audit   'run-parallel': [ '1.2.0' ],
414 silly audit   'safe-array-concat': [ '1.1.3' ],
414 silly audit   'safe-push-apply': [ '1.0.0' ],
414 silly audit   'safe-regex-test': [ '1.1.0' ],
414 silly audit   scheduler: [ '0.27.0' ],
414 silly audit   'set-function-length': [ '1.2.2' ],
414 silly audit   'set-function-name': [ '2.0.2' ],
414 silly audit   'set-proto': [ '1.0.0' ],
414 silly audit   sharp: [ '0.34.5' ],
414 silly audit   'shebang-command': [ '2.0.0' ],
414 silly audit   'shebang-regex': [ '3.0.0' ],
414 silly audit   'side-channel': [ '1.1.0' ],
414 silly audit   'side-channel-list': [ '1.0.0' ],
414 silly audit   'side-channel-map': [ '1.0.1' ],
414 silly audit   'side-channel-weakmap': [ '1.0.2' ],
414 silly audit   'source-map-js': [ '1.2.1' ],
414 silly audit   'stable-hash': [ '0.0.5' ],
414 silly audit   'stop-iteration-iterator': [ '1.1.0' ],
414 silly audit   'string.prototype.includes': [ '2.0.1' ],
414 silly audit   'string.prototype.matchall': [ '4.0.12' ],
414 silly audit   'string.prototype.repeat': [ '1.0.0' ],
414 silly audit   'string.prototype.trim': [ '1.2.10' ],
414 silly audit   'string.prototype.trimend': [ '1.0.9' ],
414 silly audit   'string.prototype.trimstart': [ '1.0.8' ],
414 silly audit   'strip-bom': [ '3.0.0' ],
414 silly audit   'strip-json-comments': [ '3.1.1' ],
414 silly audit   'styled-jsx': [ '5.1.6' ],
414 silly audit   'supports-color': [ '7.2.0' ],
414 silly audit   'supports-preserve-symlinks-flag': [ '1.0.0' ],
414 silly audit   tailwindcss: [ '4.2.1' ],
414 silly audit   tapable: [ '2.3.0' ],
414 silly audit   tinyglobby: [ '0.2.15' ],
414 silly audit   fdir: [ '6.5.0' ],
414 silly audit   'to-regex-range': [ '5.0.1' ],
414 silly audit   'ts-api-utils': [ '2.4.0' ],
414 silly audit   'tsconfig-paths': [ '3.15.0' ],
414 silly audit   tslib: [ '2.8.1' ],
414 silly audit   'type-check': [ '0.4.0' ],
414 silly audit   'typed-array-buffer': [ '1.0.3' ],
414 silly audit   'typed-array-byte-length': [ '1.0.3' ],
414 silly audit   'typed-array-byte-offset': [ '1.0.4' ],
414 silly audit   'typed-array-length': [ '1.0.7' ],
414 silly audit   typescript: [ '5.9.3' ],
414 silly audit   'typescript-eslint': [ '8.56.1' ],
414 silly audit   'unbox-primitive': [ '1.1.0' ],
414 silly audit   'undici-types': [ '6.21.0' ],
414 silly audit   'unrs-resolver': [ '1.11.1' ],
414 silly audit   'update-browserslist-db': [ '1.2.3' ],
414 silly audit   'uri-js': [ '4.4.1' ],
414 silly audit   which: [ '2.0.2' ],
414 silly audit   'which-boxed-primitive': [ '1.1.1' ],
414 silly audit   'which-builtin-type': [ '1.2.1' ],
414 silly audit   'which-collection': [ '1.0.2' ],
414 silly audit   'which-typed-array': [ '1.1.20' ],
414 silly audit   'word-wrap': [ '1.2.5' ],
414 silly audit   yallist: [ '3.1.1' ],
414 silly audit   'yocto-queue': [ '0.1.0' ],
414 silly audit   zod: [ '4.3.6' ],
414 silly audit   'zod-validation-error': [ '4.0.2' ],
414 silly audit   '@react-three/drei': [ '10.7.7' ],
414 silly audit   '@react-three/fiber': [ '9.5.0' ],
414 silly audit   three: [ '0.183.2', '0.170.0' ],
414 silly audit   '@babel/runtime': [ '7.28.6' ],
414 silly audit   '@mediapipe/tasks-vision': [ '0.10.17' ],
414 silly audit   '@monogrid/gainmap-js': [ '3.4.0' ],
414 silly audit   '@use-gesture/react': [ '10.3.1' ],
414 silly audit   'camera-controls': [ '3.1.2' ],
414 silly audit   'cross-env': [ '7.0.3' ],
414 silly audit   'detect-gpu': [ '5.0.70' ],
414 silly audit   'glsl-noise': [ '0.0.0' ],
414 silly audit   'hls.js': [ '1.6.15' ],
414 silly audit   maath: [ '0.10.8' ],
414 silly audit   '@types/three': [ '0.183.1' ],
414 silly audit   meshline: [ '3.3.1' ],
414 silly audit   'stats-gl': [ '2.4.2' ],
414 silly audit   'stats.js': [ '0.17.0' ],
414 silly audit   'suspend-react': [ '0.1.3' ],
414 silly audit   'three-mesh-bvh': [ '0.8.3' ],
414 silly audit   'three-stdlib': [ '2.36.1' ],
414 silly audit   'troika-three-text': [ '0.52.4' ],
414 silly audit   'tunnel-rat': [ '0.1.2' ],
414 silly audit   'use-sync-external-store': [ '1.6.0' ],
414 silly audit   'utility-types': [ '3.11.0' ],
414 silly audit   zustand: [ '5.0.11', '4.5.7' ],
414 silly audit   'promise-worker-transferable': [ '1.0.4' ],
414 silly audit   '@types/webxr': [ '0.5.24' ],
414 silly audit   'base64-js': [ '1.5.1' ],
414 silly audit   buffer: [ '6.0.3' ],
414 silly audit   'its-fine': [ '2.0.0' ],
414 silly audit   'react-use-measure': [ '2.1.7' ],
414 silly audit   '@dimforge/rapier3d-compat': [ '0.12.0' ],
414 silly audit   '@tweenjs/tween.js': [ '23.1.3' ],
414 silly audit   '@types/stats.js': [ '0.17.4' ],
414 silly audit   '@webgpu/types': [ '0.1.69' ],
414 silly audit   fflate: [ '0.8.2', '0.6.10' ],
414 silly audit   meshoptimizer: [ '1.0.1' ],
414 silly audit   '@use-gesture/core': [ '10.3.1' ],
414 silly audit   ieee754: [ '1.2.1' ],
414 silly audit   'webgl-constants': [ '1.1.1' ],
414 silly audit   '@types/react-reconciler': [ '0.28.9' ],
414 silly audit   'is-promise': [ '2.2.2' ],
414 silly audit   lie: [ '3.3.0' ],
414 silly audit   immediate: [ '3.0.6' ],
414 silly audit   '@types/draco3d': [ '1.4.10' ],
414 silly audit   '@types/offscreencanvas': [ '2019.7.3' ],
414 silly audit   draco3d: [ '1.5.7' ],
414 silly audit   potpack: [ '1.0.2' ],
414 silly audit   'bidi-js': [ '1.0.3' ],
414 silly audit   'troika-three-utils': [ '0.52.4' ],
414 silly audit   'troika-worker-utils': [ '0.52.0' ],
414 silly audit   'webgl-sdf-generator': [ '1.1.1' ],
414 silly audit   'require-from-string': [ '2.0.2' ]
414 silly audit }
415 http cache require-from-string@https://registry.npmjs.org/require-from-string/-/require-from-string-2.0.2.tgz 0ms (cache hit)
416 http cache webgl-sdf-generator@https://registry.npmjs.org/webgl-sdf-generator/-/webgl-sdf-generator-1.1.1.tgz 0ms (cache hit)
417 http cache troika-worker-utils@https://registry.npmjs.org/troika-worker-utils/-/troika-worker-utils-0.52.0.tgz 0ms (cache hit)
418 http cache bidi-js@https://registry.npmjs.org/bidi-js/-/bidi-js-1.0.3.tgz 0ms (cache hit)
419 http cache troika-three-utils@https://registry.npmjs.org/troika-three-utils/-/troika-three-utils-0.52.4.tgz 0ms (cache hit)
420 http cache potpack@https://registry.npmjs.org/potpack/-/potpack-1.0.2.tgz 0ms (cache hit)
421 http cache draco3d@https://registry.npmjs.org/draco3d/-/draco3d-1.5.7.tgz 0ms (cache hit)
422 http cache @types/offscreencanvas@https://registry.npmjs.org/@types/offscreencanvas/-/offscreencanvas-2019.7.3.tgz 0ms (cache hit)
423 http cache @types/draco3d@https://registry.npmjs.org/@types/draco3d/-/draco3d-1.4.10.tgz 0ms (cache hit)
424 http cache immediate@https://registry.npmjs.org/immediate/-/immediate-3.0.6.tgz 0ms (cache hit)
425 http cache lie@https://registry.npmjs.org/lie/-/lie-3.3.0.tgz 0ms (cache hit)
426 http cache is-promise@https://registry.npmjs.org/is-promise/-/is-promise-2.2.2.tgz 0ms (cache hit)
427 http cache @types/react-reconciler@https://registry.npmjs.org/@types/react-reconciler/-/react-reconciler-0.28.9.tgz 0ms (cache hit)
428 http cache webgl-constants@https://registry.npmjs.org/webgl-constants/-/webgl-constants-1.1.1.tgz 0ms (cache hit)
429 http cache @use-gesture/core@https://registry.npmjs.org/@use-gesture/core/-/core-10.3.1.tgz 0ms (cache hit)
430 http cache ieee754@https://registry.npmjs.org/ieee754/-/ieee754-1.2.1.tgz 0ms (cache hit)
431 http cache meshoptimizer@https://registry.npmjs.org/meshoptimizer/-/meshoptimizer-1.0.1.tgz 0ms (cache hit)
432 http cache fflate@https://registry.npmjs.org/fflate/-/fflate-0.8.2.tgz 0ms (cache hit)
433 http cache @types/stats.js@https://registry.npmjs.org/@types/stats.js/-/stats.js-0.17.4.tgz 0ms (cache hit)
434 http cache @webgpu/types@https://registry.npmjs.org/@webgpu/types/-/types-0.1.69.tgz 0ms (cache hit)
435 http cache react-use-measure@https://registry.npmjs.org/react-use-measure/-/react-use-measure-2.1.7.tgz 0ms (cache hit)
436 http cache its-fine@https://registry.npmjs.org/its-fine/-/its-fine-2.0.0.tgz 0ms (cache hit)
437 http cache @dimforge/rapier3d-compat@https://registry.npmjs.org/@dimforge/rapier3d-compat/-/rapier3d-compat-0.12.0.tgz 0ms (cache hit)
438 http cache @tweenjs/tween.js@https://registry.npmjs.org/@tweenjs/tween.js/-/tween.js-23.1.3.tgz 0ms (cache hit)
439 http cache buffer@https://registry.npmjs.org/buffer/-/buffer-6.0.3.tgz 0ms (cache hit)
440 http cache base64-js@https://registry.npmjs.org/base64-js/-/base64-js-1.5.1.tgz 0ms (cache hit)
441 http cache @types/webxr@https://registry.npmjs.org/@types/webxr/-/webxr-0.5.24.tgz 1ms (cache hit)
442 http cache promise-worker-transferable@https://registry.npmjs.org/promise-worker-transferable/-/promise-worker-transferable-1.0.4.tgz 1ms (cache hit)
443 http cache zustand@https://registry.npmjs.org/zustand/-/zustand-5.0.11.tgz 0ms (cache hit)
444 http cache utility-types@https://registry.npmjs.org/utility-types/-/utility-types-3.11.0.tgz 0ms (cache hit)
445 http cache use-sync-external-store@https://registry.npmjs.org/use-sync-external-store/-/use-sync-external-store-1.6.0.tgz 0ms (cache hit)
446 http cache tunnel-rat@https://registry.npmjs.org/tunnel-rat/-/tunnel-rat-0.1.2.tgz 0ms (cache hit)
447 http cache troika-three-text@https://registry.npmjs.org/troika-three-text/-/troika-three-text-0.52.4.tgz 0ms (cache hit)
448 http cache three-stdlib@https://registry.npmjs.org/three-stdlib/-/three-stdlib-2.36.1.tgz 0ms (cache hit)
449 http cache three-mesh-bvh@https://registry.npmjs.org/three-mesh-bvh/-/three-mesh-bvh-0.8.3.tgz 0ms (cache hit)
450 http cache suspend-react@https://registry.npmjs.org/suspend-react/-/suspend-react-0.1.3.tgz 0ms (cache hit)
451 http cache stats.js@https://registry.npmjs.org/stats.js/-/stats.js-0.17.0.tgz 0ms (cache hit)
452 http cache stats-gl@https://registry.npmjs.org/stats-gl/-/stats-gl-2.4.2.tgz 0ms (cache hit)
453 http cache meshline@https://registry.npmjs.org/meshline/-/meshline-3.3.1.tgz 0ms (cache hit)
454 http cache maath@https://registry.npmjs.org/maath/-/maath-0.10.8.tgz 0ms (cache hit)
455 http cache @types/three@https://registry.npmjs.org/@types/three/-/three-0.183.1.tgz 0ms (cache hit)
456 http cache hls.js@https://registry.npmjs.org/hls.js/-/hls.js-1.6.15.tgz 0ms (cache hit)
457 http cache glsl-noise@https://registry.npmjs.org/glsl-noise/-/glsl-noise-0.0.0.tgz 0ms (cache hit)
458 http cache detect-gpu@https://registry.npmjs.org/detect-gpu/-/detect-gpu-5.0.70.tgz 0ms (cache hit)
459 http cache cross-env@https://registry.npmjs.org/cross-env/-/cross-env-7.0.3.tgz 5ms (cache hit)
460 http cache camera-controls@https://registry.npmjs.org/camera-controls/-/camera-controls-3.1.2.tgz 0ms (cache hit)
461 http cache @use-gesture/react@https://registry.npmjs.org/@use-gesture/react/-/react-10.3.1.tgz 0ms (cache hit)
462 http cache @monogrid/gainmap-js@https://registry.npmjs.org/@monogrid/gainmap-js/-/gainmap-js-3.4.0.tgz 0ms (cache hit)
463 http cache @mediapipe/tasks-vision@https://registry.npmjs.org/@mediapipe/tasks-vision/-/tasks-vision-0.10.17.tgz 0ms (cache hit)
464 http cache @babel/runtime@https://registry.npmjs.org/@babel/runtime/-/runtime-7.28.6.tgz 0ms (cache hit)
465 http cache three@https://registry.npmjs.org/three/-/three-0.183.2.tgz 0ms (cache hit)
466 http cache @react-three/fiber@https://registry.npmjs.org/@react-three/fiber/-/fiber-9.5.0.tgz 0ms (cache hit)
467 http cache zustand@https://registry.npmjs.org/zustand/-/zustand-4.5.7.tgz 1ms (cache hit)
468 http cache @react-three/drei@https://registry.npmjs.org/@react-three/drei/-/drei-10.7.7.tgz 0ms (cache hit)
469 http cache fflate@https://registry.npmjs.org/fflate/-/fflate-0.6.10.tgz 0ms (cache hit)
470 silly tarball no local data for require-from-string@https://registry.npmjs.org/require-from-string/-/require-from-string-2.0.2.tgz. Extracting by manifest.
471 http cache three@https://registry.npmjs.org/three/-/three-0.170.0.tgz 0ms (cache hit)
472 silly tarball no local data for webgl-sdf-generator@https://registry.npmjs.org/webgl-sdf-generator/-/webgl-sdf-generator-1.1.1.tgz. Extracting by manifest.
473 silly tarball no local data for troika-worker-utils@https://registry.npmjs.org/troika-worker-utils/-/troika-worker-utils-0.52.0.tgz. Extracting by manifest.
474 silly tarball no local data for bidi-js@https://registry.npmjs.org/bidi-js/-/bidi-js-1.0.3.tgz. Extracting by manifest.
475 silly tarball no local data for troika-three-utils@https://registry.npmjs.org/troika-three-utils/-/troika-three-utils-0.52.4.tgz. Extracting by manifest.
476 silly tarball no local data for potpack@https://registry.npmjs.org/potpack/-/potpack-1.0.2.tgz. Extracting by manifest.
477 silly tarball no local data for @types/offscreencanvas@https://registry.npmjs.org/@types/offscreencanvas/-/offscreencanvas-2019.7.3.tgz. Extracting by manifest.
478 silly tarball no local data for draco3d@https://registry.npmjs.org/draco3d/-/draco3d-1.5.7.tgz. Extracting by manifest.
479 silly tarball no local data for @types/draco3d@https://registry.npmjs.org/@types/draco3d/-/draco3d-1.4.10.tgz. Extracting by manifest.
480 silly tarball no local data for immediate@https://registry.npmjs.org/immediate/-/immediate-3.0.6.tgz. Extracting by manifest.
481 silly tarball no local data for lie@https://registry.npmjs.org/lie/-/lie-3.3.0.tgz. Extracting by manifest.
482 silly tarball no local data for is-promise@https://registry.npmjs.org/is-promise/-/is-promise-2.2.2.tgz. Extracting by manifest.
483 silly tarball no local data for @types/react-reconciler@https://registry.npmjs.org/@types/react-reconciler/-/react-reconciler-0.28.9.tgz. Extracting by manifest.
484 silly tarball no local data for webgl-constants@https://registry.npmjs.org/webgl-constants/-/webgl-constants-1.1.1.tgz. Extracting by manifest.
485 silly tarball no local data for @use-gesture/core@https://registry.npmjs.org/@use-gesture/core/-/core-10.3.1.tgz. Extracting by manifest.
486 silly tarball no local data for ieee754@https://registry.npmjs.org/ieee754/-/ieee754-1.2.1.tgz. Extracting by manifest.
487 silly tarball no local data for meshoptimizer@https://registry.npmjs.org/meshoptimizer/-/meshoptimizer-1.0.1.tgz. Extracting by manifest.
488 silly tarball no local data for fflate@https://registry.npmjs.org/fflate/-/fflate-0.8.2.tgz. Extracting by manifest.
489 silly tarball no local data for @types/stats.js@https://registry.npmjs.org/@types/stats.js/-/stats.js-0.17.4.tgz. Extracting by manifest.
490 silly tarball no local data for @webgpu/types@https://registry.npmjs.org/@webgpu/types/-/types-0.1.69.tgz. Extracting by manifest.
491 silly tarball no local data for react-use-measure@https://registry.npmjs.org/react-use-measure/-/react-use-measure-2.1.7.tgz. Extracting by manifest.
492 silly tarball no local data for its-fine@https://registry.npmjs.org/its-fine/-/its-fine-2.0.0.tgz. Extracting by manifest.
493 silly tarball no local data for @dimforge/rapier3d-compat@https://registry.npmjs.org/@dimforge/rapier3d-compat/-/rapier3d-compat-0.12.0.tgz. Extracting by manifest.
494 silly tarball no local data for @tweenjs/tween.js@https://registry.npmjs.org/@tweenjs/tween.js/-/tween.js-23.1.3.tgz. Extracting by manifest.
495 silly tarball no local data for buffer@https://registry.npmjs.org/buffer/-/buffer-6.0.3.tgz. Extracting by manifest.
496 silly tarball no local data for base64-js@https://registry.npmjs.org/base64-js/-/base64-js-1.5.1.tgz. Extracting by manifest.
497 silly tarball no local data for @types/webxr@https://registry.npmjs.org/@types/webxr/-/webxr-0.5.24.tgz. Extracting by manifest.
498 silly tarball no local data for promise-worker-transferable@https://registry.npmjs.org/promise-worker-transferable/-/promise-worker-transferable-1.0.4.tgz. Extracting by manifest.
499 silly tarball no local data for zustand@https://registry.npmjs.org/zustand/-/zustand-5.0.11.tgz. Extracting by manifest.
500 silly tarball no local data for utility-types@https://registry.npmjs.org/utility-types/-/utility-types-3.11.0.tgz. Extracting by manifest.
501 silly tarball no local data for use-sync-external-store@https://registry.npmjs.org/use-sync-external-store/-/use-sync-external-store-1.6.0.tgz. Extracting by manifest.
502 silly tarball no local data for tunnel-rat@https://registry.npmjs.org/tunnel-rat/-/tunnel-rat-0.1.2.tgz. Extracting by manifest.
503 silly tarball no local data for troika-three-text@https://registry.npmjs.org/troika-three-text/-/troika-three-text-0.52.4.tgz. Extracting by manifest.
504 silly tarball no local data for three-stdlib@https://registry.npmjs.org/three-stdlib/-/three-stdlib-2.36.1.tgz. Extracting by manifest.
505 silly tarball no local data for three-mesh-bvh@https://registry.npmjs.org/three-mesh-bvh/-/three-mesh-bvh-0.8.3.tgz. Extracting by manifest.
506 silly tarball no local data for suspend-react@https://registry.npmjs.org/suspend-react/-/suspend-react-0.1.3.tgz. Extracting by manifest.
507 silly tarball no local data for stats.js@https://registry.npmjs.org/stats.js/-/stats.js-0.17.0.tgz. Extracting by manifest.
508 silly tarball no local data for stats-gl@https://registry.npmjs.org/stats-gl/-/stats-gl-2.4.2.tgz. Extracting by manifest.
509 silly tarball no local data for meshline@https://registry.npmjs.org/meshline/-/meshline-3.3.1.tgz. Extracting by manifest.
510 silly tarball no local data for maath@https://registry.npmjs.org/maath/-/maath-0.10.8.tgz. Extracting by manifest.
511 silly tarball no local data for @types/three@https://registry.npmjs.org/@types/three/-/three-0.183.1.tgz. Extracting by manifest.
512 silly tarball no local data for hls.js@https://registry.npmjs.org/hls.js/-/hls.js-1.6.15.tgz. Extracting by manifest.
513 silly tarball no local data for glsl-noise@https://registry.npmjs.org/glsl-noise/-/glsl-noise-0.0.0.tgz. Extracting by manifest.
514 silly tarball no local data for detect-gpu@https://registry.npmjs.org/detect-gpu/-/detect-gpu-5.0.70.tgz. Extracting by manifest.
515 silly tarball no local data for cross-env@https://registry.npmjs.org/cross-env/-/cross-env-7.0.3.tgz. Extracting by manifest.
516 silly tarball no local data for camera-controls@https://registry.npmjs.org/camera-controls/-/camera-controls-3.1.2.tgz. Extracting by manifest.
517 silly tarball no local data for @use-gesture/react@https://registry.npmjs.org/@use-gesture/react/-/react-10.3.1.tgz. Extracting by manifest.
518 silly tarball no local data for @monogrid/gainmap-js@https://registry.npmjs.org/@monogrid/gainmap-js/-/gainmap-js-3.4.0.tgz. Extracting by manifest.
519 silly tarball no local data for @mediapipe/tasks-vision@https://registry.npmjs.org/@mediapipe/tasks-vision/-/tasks-vision-0.10.17.tgz. Extracting by manifest.
520 silly tarball no local data for @babel/runtime@https://registry.npmjs.org/@babel/runtime/-/runtime-7.28.6.tgz. Extracting by manifest.
521 silly tarball no local data for three@https://registry.npmjs.org/three/-/three-0.183.2.tgz. Extracting by manifest.
522 silly tarball no local data for @react-three/fiber@https://registry.npmjs.org/@react-three/fiber/-/fiber-9.5.0.tgz. Extracting by manifest.
523 silly tarball no local data for zustand@https://registry.npmjs.org/zustand/-/zustand-4.5.7.tgz. Extracting by manifest.
524 silly tarball no local data for fflate@https://registry.npmjs.org/fflate/-/fflate-0.6.10.tgz. Extracting by manifest.
525 silly tarball no local data for @react-three/drei@https://registry.npmjs.org/@react-three/drei/-/drei-10.7.7.tgz. Extracting by manifest.
526 silly tarball no local data for three@https://registry.npmjs.org/three/-/three-0.170.0.tgz. Extracting by manifest.
527 http fetch POST 200 https://registry.npmjs.org/-/npm/v1/security/advisories/bulk 1417ms
528 silly audit report {}
529 http fetch GET 200 https://registry.npmjs.org/@types/offscreencanvas/-/offscreencanvas-2019.7.3.tgz 8389ms (cache miss)
530 http fetch GET 200 https://registry.npmjs.org/require-from-string/-/require-from-string-2.0.2.tgz 9544ms (cache miss)
531 http fetch GET 200 https://registry.npmjs.org/is-promise/-/is-promise-2.2.2.tgz 9661ms (cache miss)
532 http fetch GET 200 https://registry.npmjs.org/ieee754/-/ieee754-1.2.1.tgz 9941ms (cache miss)
533 http fetch GET 200 https://registry.npmjs.org/@types/stats.js/-/stats.js-0.17.4.tgz 9926ms (cache miss)
534 http fetch GET 200 https://registry.npmjs.org/potpack/-/potpack-1.0.2.tgz 12633ms (cache miss)
535 http fetch GET 200 https://registry.npmjs.org/lie/-/lie-3.3.0.tgz 13122ms (cache miss)
536 http fetch GET 200 https://registry.npmjs.org/@types/draco3d/-/draco3d-1.4.10.tgz 13659ms (cache miss)
537 http fetch GET 200 https://registry.npmjs.org/base64-js/-/base64-js-1.5.1.tgz 15360ms (cache miss)
538 http fetch GET 200 https://registry.npmjs.org/immediate/-/immediate-3.0.6.tgz 17599ms (cache miss)
539 http fetch GET 200 https://registry.npmjs.org/webgl-sdf-generator/-/webgl-sdf-generator-1.1.1.tgz 18169ms (cache miss)
540 http fetch GET 200 https://registry.npmjs.org/buffer/-/buffer-6.0.3.tgz 19205ms (cache miss)
541 http fetch GET 200 https://registry.npmjs.org/@types/react-reconciler/-/react-reconciler-0.28.9.tgz 19300ms (cache miss)
542 http fetch GET 200 https://registry.npmjs.org/stats.js/-/stats.js-0.17.0.tgz 21631ms (cache miss)
543 http fetch GET 200 https://registry.npmjs.org/@types/webxr/-/webxr-0.5.24.tgz 23044ms (cache miss)
544 http fetch GET 200 https://registry.npmjs.org/react-use-measure/-/react-use-measure-2.1.7.tgz 24517ms (cache miss)
545 http fetch GET 200 https://registry.npmjs.org/promise-worker-transferable/-/promise-worker-transferable-1.0.4.tgz 24446ms (cache miss)
546 http fetch GET 200 https://registry.npmjs.org/suspend-react/-/suspend-react-0.1.3.tgz 24439ms (cache miss)
547 http fetch GET 200 https://registry.npmjs.org/its-fine/-/its-fine-2.0.0.tgz 25545ms (cache miss)
548 http fetch GET 200 https://registry.npmjs.org/@tweenjs/tween.js/-/tween.js-23.1.3.tgz 26050ms (cache miss)
549 http fetch GET 200 https://registry.npmjs.org/@webgpu/types/-/types-0.1.69.tgz 27035ms (cache miss)
550 http fetch GET 200 https://registry.npmjs.org/troika-worker-utils/-/troika-worker-utils-0.52.0.tgz 34892ms (cache miss)
551 http fetch GET 200 https://registry.npmjs.org/glsl-noise/-/glsl-noise-0.0.0.tgz 35919ms (cache miss)
552 http fetch GET 200 https://registry.npmjs.org/meshline/-/meshline-3.3.1.tgz 36241ms (cache miss)
553 http fetch GET 200 https://registry.npmjs.org/use-sync-external-store/-/use-sync-external-store-1.6.0.tgz 42047ms (cache miss)
554 http fetch GET 200 https://registry.npmjs.org/cross-env/-/cross-env-7.0.3.tgz 44776ms (cache miss)
555 http fetch GET 200 https://registry.npmjs.org/stats-gl/-/stats-gl-2.4.2.tgz 45264ms (cache miss)
556 http fetch GET 200 https://registry.npmjs.org/troika-three-utils/-/troika-three-utils-0.52.4.tgz 45709ms (cache miss)
557 http fetch GET 200 https://registry.npmjs.org/bidi-js/-/bidi-js-1.0.3.tgz 48910ms (cache miss)
558 http fetch GET 200 https://registry.npmjs.org/tunnel-rat/-/tunnel-rat-0.1.2.tgz 49517ms (cache miss)
559 http fetch GET 200 https://registry.npmjs.org/utility-types/-/utility-types-3.11.0.tgz 52375ms (cache miss)
560 http fetch GET 200 https://registry.npmjs.org/camera-controls/-/camera-controls-3.1.2.tgz 52876ms (cache miss)
561 http fetch GET 200 https://registry.npmjs.org/meshoptimizer/-/meshoptimizer-1.0.1.tgz 58873ms (cache miss)
562 http fetch GET 200 https://registry.npmjs.org/webgl-constants/-/webgl-constants-1.1.1.tgz 60540ms (cache miss)
563 http fetch GET 200 https://registry.npmjs.org/fflate/-/fflate-0.6.10.tgz 66909ms (cache miss)
564 http fetch GET 200 https://registry.npmjs.org/fflate/-/fflate-0.8.2.tgz 68925ms (cache miss)
565 http fetch GET 200 https://registry.npmjs.org/draco3d/-/draco3d-1.5.7.tgz 69460ms (cache miss)
566 http fetch GET 200 https://registry.npmjs.org/@use-gesture/react/-/react-10.3.1.tgz 70279ms (cache miss)
567 http fetch GET 200 https://registry.npmjs.org/troika-three-text/-/troika-three-text-0.52.4.tgz 72615ms (cache miss)
568 http fetch GET 200 https://registry.npmjs.org/zustand/-/zustand-5.0.11.tgz 85867ms (cache miss)
569 http fetch GET 200 https://registry.npmjs.org/detect-gpu/-/detect-gpu-5.0.70.tgz 92250ms (cache miss)
570 http fetch GET 200 https://registry.npmjs.org/@react-three/fiber/-/fiber-9.5.0.tgz 126482ms (cache miss)
571 http fetch GET 200 https://registry.npmjs.org/@use-gesture/core/-/core-10.3.1.tgz 161454ms (cache miss)
572 http fetch GET 200 https://registry.npmjs.org/@monogrid/gainmap-js/-/gainmap-js-3.4.0.tgz 173387ms (cache miss)
573 http fetch GET 200 https://registry.npmjs.org/three-mesh-bvh/-/three-mesh-bvh-0.8.3.tgz 183416ms (cache miss)
574 http fetch GET 200 https://registry.npmjs.org/maath/-/maath-0.10.8.tgz 185673ms (cache miss)
575 http fetch GET 200 https://registry.npmjs.org/zustand/-/zustand-4.5.7.tgz 186920ms (cache miss)
576 http fetch GET 200 https://registry.npmjs.org/@dimforge/rapier3d-compat/-/rapier3d-compat-0.12.0.tgz 201919ms (cache miss)
577 http fetch GET 200 https://registry.npmjs.org/@babel/runtime/-/runtime-7.28.6.tgz 280833ms (cache miss)
578 http fetch GET 200 https://registry.npmjs.org/@mediapipe/tasks-vision/-/tasks-vision-0.10.17.tgz 331783ms (cache miss)
579 http fetch GET 200 https://registry.npmjs.org/@react-three/drei/-/drei-10.7.7.tgz 370050ms (cache miss)
580 http fetch GET 200 https://registry.npmjs.org/hls.js/-/hls.js-1.6.15.tgz 379397ms (cache miss)
581 http fetch GET 200 https://registry.npmjs.org/@types/three/-/three-0.183.1.tgz 701849ms (cache miss)
582 http fetch GET 200 https://registry.npmjs.org/three/-/three-0.170.0.tgz 804897ms (cache miss)
583 http fetch GET 200 https://registry.npmjs.org/three/-/three-0.183.2.tgz 812877ms (cache miss)
584 http fetch GET 200 https://registry.npmjs.org/three-stdlib/-/three-stdlib-2.36.1.tgz 814588ms (cache miss)
585 silly ADD node_modules/require-from-string
586 silly ADD node_modules/webgl-sdf-generator
587 silly ADD node_modules/troika-worker-utils
588 silly ADD node_modules/troika-three-utils
589 silly ADD node_modules/bidi-js
590 silly ADD node_modules/potpack
591 silly ADD node_modules/draco3d
592 silly ADD node_modules/@types/offscreencanvas
593 silly ADD node_modules/@types/draco3d
594 silly ADD node_modules/immediate
595 silly ADD node_modules/lie
596 silly ADD node_modules/is-promise
597 silly ADD node_modules/@types/react-reconciler
598 silly ADD node_modules/webgl-constants
599 silly ADD node_modules/ieee754
600 silly ADD node_modules/@use-gesture/core
601 silly ADD node_modules/meshoptimizer
602 silly ADD node_modules/fflate
603 silly ADD node_modules/@webgpu/types
604 silly ADD node_modules/@types/stats.js
605 silly ADD node_modules/@tweenjs/tween.js
606 silly ADD node_modules/@dimforge/rapier3d-compat
607 silly ADD node_modules/react-use-measure
608 silly ADD node_modules/its-fine
609 silly ADD node_modules/buffer
610 silly ADD node_modules/base64-js
611 silly ADD node_modules/@types/webxr
612 silly ADD node_modules/promise-worker-transferable
613 silly ADD node_modules/zustand
614 silly ADD node_modules/utility-types
615 silly ADD node_modules/use-sync-external-store
616 silly ADD node_modules/tunnel-rat
617 silly ADD node_modules/tunnel-rat/node_modules/zustand
618 silly ADD node_modules/troika-three-text
619 silly ADD node_modules/three-stdlib
620 silly ADD node_modules/three-stdlib/node_modules/fflate
621 silly ADD node_modules/three-mesh-bvh
622 silly ADD node_modules/suspend-react
623 silly ADD node_modules/stats.js
624 silly ADD node_modules/stats-gl
625 silly ADD node_modules/stats-gl/node_modules/three
626 silly ADD node_modules/meshline
627 silly ADD node_modules/@types/three
628 silly ADD node_modules/maath
629 silly ADD node_modules/hls.js
630 silly ADD node_modules/glsl-noise
631 silly ADD node_modules/detect-gpu
632 silly ADD node_modules/cross-env
633 silly ADD node_modules/camera-controls
634 silly ADD node_modules/@use-gesture/react
635 silly ADD node_modules/@monogrid/gainmap-js
636 silly ADD node_modules/@mediapipe/tasks-vision
637 silly ADD node_modules/@babel/runtime
638 silly ADD node_modules/three
639 silly ADD node_modules/@react-three/fiber
640 silly ADD node_modules/@react-three/drei
641 verbose cwd C:\xampp\htdocs\lengo-website
642 verbose os Windows_NT 10.0.19042
643 verbose node v22.14.0
644 verbose npm  v11.6.0
645 verbose exit 0
646 info ok
